0   1#1+ы#1+а#1+ов#1+у#1+ам#1#1+ы#1+ом#1+ами#-#-
1   1+е#1+я#1+я#1+й#1+ю#1+ям#1+е#1+я#1+ем#-#-#-
2   1+а#1+ы#1+ы#1#1+е#1+ам#1+у#1+ы#1+ой#-#-#-
3   1+ь#1+и#1+и#1+ей#1+и#1+ям#1+ь#-#-#-#-#-
4   1+2+а#1+2+и#1+к+2#1+2+к#1+2+е#1+2+ам#1+2+у#1+2+и#1+2+ой#-#-#-
5   1+я#1+и#1+и#1+й#1+и#1+ям#1+ю#1+и#-#-#-#-
6   1#1+ы#1+а#1+ов#1+у#1+ам#1+а#1+ов#1+ом#1+ами#-#-
7   1#1+и#1+а#1+ов#1+у#1+ам#1#1+и#1+ом#1+ами#-#-
8   1#1+и#1+а#1+ов#1+у#1+ам#1+а#1+ов#1+ом#1+ами#-#-
9   1+о#1+а#1+а#1#1+у#1+ам#1+о#1+а#1+ом#-#-#-
10  1+а#1+и#1+и#1#1+е#1+ам#1+у#1+и#1+ой#-#-#-
11  1+о+2#1+2+и#1+2+а#1+2+ов#1+2+у#1+2+ам#1+2+к#1+2+и#1+2+ом#1+2+ами#-#-
12  1+ь#1+и#1+я#1+ей#1+ю#1+ям#1+я#1+ей#1+ем#1+ями#-#-
13  1#1+а#1+а#1+ов#1+у#1+ам#1#1+а#1+ом#-#-#-
14  1+2+а#1+2+и#1+к+2#1+2+к#1+2+е#1+2+ам#1+2+у#1+2+к#1+2+ой#-#-#-
15  1+а#1+ы#1+ы#1#1+е#1+ам#1+у#1#1+ой#-#-#-
16  1+а#1+и#1+и#1#1+е#1+ам#1+у#1+и#1+ей#-#-#-
17  1+ь#1+и#1+я#1+ей#1+ю#1+ям#1+ь#1+и#1+ем#1+ями#-#-
18  1#-#-#-#-#-#-#-#-#-#-#-
19  1+а#1+ы#1+ы#1#1+е#1+ам#1+у#1+ы#1+ей#-#-#-
20  1+ь#1+и#1+я#1+ей#1+ю#1+ям#1+ь#1+и#1+ём#1+ями#-#-
21  1+е+2#1+2+ы#1+2+а#1+2+ев#1+2+у#1+2+ам#1+2+а#1+2+ев#1+2+ем#1+2+ами#-#-
22  1+й#1+и#1+я#1+ев#1+ю#1+ям#1+й#1+и#1+ем#1+ями#-#-
23  1+ье#1+ья#1+ья#1+ий#1+ью#1+ьям#1+ье#1+ья#-#-#-#-
24  1+а#1+ы#1+ы#1#1+е#1+ам#1+у#1#1+ей#-#-#-
25  1#1+и#1+а#1+ей#1+у#1+ам#1#1+и#1+ем#1+ами#-#-
26  1#1+и#1+а#1+ей#1+у#1+ам#1#1+и#1+ом#1+ами#-#-
27  1+й+2+а#1+й+2+и#1+й+2+и#1+е+2#1+й+2+е#1+й+2+ам#1+й+2+у#1+й+2+и#1+й+2+ой#-#-#-
28  1+ь#1+и#1+и#1+ей#1+и#1+ам#1+ь#-#-#-#-#-
29  1+ин#1+е#1+ина#1#1+ину#1+ам#1+ина#1#1+ином#1+ами#-#-
30  1+а#1+и#1+и#1#1+е#1+ам#1+у#1#1+ой#-#-#-
31  1+о+2#1+2+и#1+2+а#1+2+ов#1+2+у#1+2+ам#1+2+а#1+2+ов#1+2+ом#1+2+ами#-#-
32  1+я#1+и#1+и#1+ь#1+е#1+ям#1+ю#1+и#1+ей#-#-#-
33  1+е#1+а#1+а#1#1+у#1+ам#1+е#1+а#-#-#-#-
34  1+ая#1+ые#1+ой#1+ых#1+ой#1+ым#1+ую#-#-#-#-#-
35  -#1+ы#-#1+ов#-#1+ам#-#1+ы#-#1+ами#-#-
36  1+е+2+ь#1+2+и#1+2+я#1+2+ей#1+2+ю#1+2+ям#1+2+нь#1+2+и#1+2+ем#1+2+ями#-#-
37  1+е+2#1+2+ы#1+2+а#1+2+ов#1+2+у#1+2+ам#1+2+а#1+2+ов#1+2+ом#1+2+ами#-#-
38  1+я#1+и#1+и#1+й#1+е#1+ям#1+ю#1+и#1+ей#-#-#-
39  1+ь#1+и#1+я#1+ей#1+ю#1+ям#1+я#1+ей#1+ём#1+ями#-#-
40  1+й#1+и#1+я#1+ев#1+ю#1+ям#1+я#1+ев#1+ем#1+ями#-#-
41  1+е+2+3+о#1+ё+2+3+а#1+е+2+3+а#1+ё+2+е+3#1+е+2+3+у#1+ё+2+3+ам#1+е+2+3+о#1+ё+2+3+а#1+е+2+3+ом#1+ё+2+3+ами#-#-
42  1+2+я#1+2+и#1+н+2#1+2+н#1+2+е#1+2+ям#1+2+ю#1+2+и#1+2+ей#-#-#-
43  1#1+и#1+а#1+ей#1+у#1+ам#1+а#1+ей#1+ом#1+ами#-#-
44  1+2+о#1+2+и#1+2+а#1+е+2#1+2+у#1+2+ам#1+2+о#1+2+и#1+2+ом#1+2+ами#-#-
45  1+2+о#1+2+а#1+н+2#1+2+н#1+2+у#1+2+ам#1+2+о#1+2+а#1+2+ом#-#-#-
46  -#1+ы#-#1#-#1+ам#-#1+ы#-#1+ами#-#-
47  1+я#1+и#1+и#1+ь#1+е#1+ям#1+ю#1+ь#1+ей#-#-#-
48  1+я#1+и#1+и#1+ей#1+е#1+ям#1+ю#1+и#1+ёй#-#-#-
49  1+ьё#1+ья#1+ья#1+ей#1+ью#1+ьям#1+ьё#1+ья#1+ьём#-#-#-
50  1+ое#1+ые#1+ого#1+ых#1+ому#1+ым#1+ое#1+ые#-#-#-#-
51  1+й#1+и#1+я#1+ёв#1+ю#1+ям#1+й#1+и#1+ем#1+ями#-#-
52  1+е+2#1+2+ы#1+2+а#1+2+ов#1+2+у#1+2+ам#1+2+ц#1+2+ы#1+2+ом#1+2+ами#-#-
53  1+е+2#1+2+и#1+2+а#1+2+ов#1+2+у#1+2+ам#1+2+к#1+2+и#1+2+ом#1+2+ами#-#-
54  -#1+а#-#1#-#1+ам#-#1+а#-#1+ами#-#-
55  1+ё+2#1+ь+2+и#1+ь+2+а#1+ь+2+ов#1+ь+2+у#1+ь+2+ам#1+ё+2#1+ь+2+и#1+ь+2+ом#1+ь+2+ами#-#-
56  1+я#1+ена#1+ени#1+ён#1+ени#1+енам#1+я#1+ена#-#-#-#-
57  1+о#1+и#1+а#1#1+у#1+ам#1+о#1+и#1+ом#1+ами#-#-
58  1+й#1+и#1+я#1+ев#1+ю#1+ям#1+й#1+и#1+ем#-#-#-
59  1+ий#1+ие#1+его#1+их#1+ему#1+им#1+его#1+их#-#-#-#-
60  1+е+2+о#1+ё+2+а#1+е+2+а#1+ё+2#1+е+2+у#1+ё+2+ам#1+е+2+о#1+ё+2+а#1+е+2+ом#1+ё+2+ами#-#-
61  1+2+я#1+2+и#1+л+2#1+2+ль#1+2+е#1+2+ям#1+2+ю#1+2+и#1+2+ей#-#-#-
62  1+2+о#1+2+а#1+л+2#1+2+л#1+2+у#1+2+ам#1+2+о#1+2+а#1+2+ом#-#-#-
63  1#1+а#1+а#1+ов#1+у#1+ам#1+а#1+ов#1+ом#-#-#-
64  1+ёнок#1+ята#1+ёнка#1+ят#1+ёнку#1+ятам#1+ёнка#1+ят#1+ёнком#1+ятами#-#-
65  1+ь+2+а#1+ь+2+ы#1+ь+2+ы#1+е+2#1+ь+2+е#1+ь+2+ам#1+ь+2+у#1+ь+2+ы#1+ь+2+ой#-#-#-
66  1+ый#1+ые#1+ого#1+ых#1+ому#1+ым#1+ого#1+ых#-#-#-#-
67  1+ое#1+ые#1+ого#1+ых#1+ому#1+ым#1+ое#1+ых#-#-#-#-
68  1+о+2+ь#1+2+и#1+2+я#1+2+ей#1+2+ю#1+2+ям#1+2+ть#1+2+и#1+2+ем#1+2+ями#-#-
69  1+о#1+ья#1+а#1+ьев#1+у#1+ьям#1+о#1+ья#1+ом#1+ьями#-#-
70  1+ее#1+ие#1+его#1+их#1+ему#1+им#1+ее#1+ие#-#-#-#-
71  1+е+2#1+ь+2+ы#1+ь+2+а#1+ь+2+ев#1+ь+2+у#1+ь+2+ам#1+ь+2+а#1+ь+2+ев#1+ь+2+ем#1+ь+2+ами#-#-
72  1+е+2#1+й+2+ы#1+й+2+а#1+й+2+ев#1+й+2+у#1+й+2+ам#1+й+2+а#1+й+2+ев#1+й+2+ем#1+й+2+ами#-#-
73  1+е+2#1+2+ы#1+2+а#1+2+ов#1+2+у#1+2+ам#1+2+л#1+2+ы#1+2+ом#1+2+ами#-#-
74  1+е+2#1+2+ы#1+2+а#1+2+ев#1+2+у#1+2+ам#1+2+ц#1+2+ы#1+2+ем#1+2+ами#-#-
75  1#1+ья△#1+а#1+ьев△#1+у#1+ьям△#1#1+ья△#1+ом#1+ьями△#-#-
76  -#1+2+и#-#1+о+2#-#1+2+ам#-#1+2+и#-#1+2+ами#-#-
77  1+ё+2#1+е+2+и#1+е+2+а#1+е+2+ей#1+е+2+у#1+е+2+ам#1+ё+2#1+е+2+и#1+е+2+ом#1+е+2+ами#-#-
78  1+ья#1+ьи#1+ьи#1+ей#1+ье#1+ьям#1+ью#1+ьи#1+ьёй#-#-#-
79  1+ь+2+о#1+ь+2+а#1+ь+2+а#1+е+2#1+ь+2+у#1+ь+2+ам#1+ь+2+о#1+ь+2+а#1+ь+2+ом#-#-#-
80  1+ь#1+я#1+я#1+ей#1+ю#1+ям#1+ь#1+я#1+ем#-#-#-
81  1+о+2#1+2+и#1+2+а#1+2+к#1+2+у#1+2+ам#1+2+к#1+2+и#1+2+ом#-#-#-
82  1+о#1+и#1+а#1+ов#1+у#1+ам#1+о#1+и#1+ом#1+ами#-#-
83  1+о#1+а#1+а#1#1+у#1+ам#1+о#1#1+ом#-#-#-
84  1+о#-#1+а#-#1+у#-#1+о#-#1+ом#-#-#-
85  1+й+2+а#1+й+2+и#1+й+2+и#1+е+2#1+й+2+е#1+й+2+ам#1+й+2+у#1+е+2#1+й+2+ой#-#-#-
86  1+ей#1+ьи#1+ья#1+ьёв#1+ью#1+ьям#1+ья#1+ьёв#1+ьём#1+ьями#-#-
87  1+е+2+ь#1+2+и#1+2+я#1+2+ей#1+2+ю#1+2+ям#1+2+нь#1+2+и#1+2+ём#1+2+ями#-#-
88  1+а#1+и#1+и#1#1+е#1+ам#1+у#1#1+ей#-#-#-
89  1#1+ья#1+а#1+ьев#1+у#1+ьям#1#1+ья#1+ом#1+ьями#-#-
90  1#1+ы#1+а#1+ев#1+у#1+ам#1#1+ы#1+ем#1+ами#-#-
91  1#1+ы#1+а#1#1+у#1+ам#1+а#1#1+ом#-#-#-
92  1#1+ы#1+а#1#1+у#1+ам#1#1+ы#1+ом#-#-#-
93  -#1+и#-#1+ов#-#1+ам#-#1+и#-#1+ами#-#-
94  -#1+и#-#1+ей#-#1+ям#-#1+и#-#1+ями#-#-
95  -#1+2+и#-#1+е+2#-#1+2+ам#-#1+2+и#-#1+2+ами#-#-
96  1+ё+2#1+2+ы#1+2+а#1+2+ов#1+2+у#1+2+ам#1+2+р#1+2+ы#1+2+ом#1+2+ами#-#-
97  1+ё+2#1+2+ы#1+2+а#1+2+ов#1+2+у#1+2+ам#1+2+а#1+2+ов#1+2+ом#1+2+ами#-#-
98  1+я#1+и#1+и#1+й#1+е#1+ям#1+ю#1+и#1+ёй#-#-#-
99  1+ья#1+ьи#1+ьи#1+ей#1+ье#1+ьям#1+ью#1+ей#1+ьёй#-#-#-
100 1+ь+2+я#1+ь+2+и#1+ь+2+и#1+е+2#1+ь+2+е#1+ь+2+ям#1+ь+2+ю#1+ь+2+и#1+ь+2+ей#-#-#-
101 1+ь+2+а#1+ь+2+и#1+ь+2+и#1+е+2#1+ь+2+е#1+ь+2+ам#1+ь+2+у#1+ь+2+и#1+ь+2+ой#-#-#-
102 1+ь+2+а#1+ь+2+и#1+ь+2+и#1+е+2#1+ь+2+е#1+ь+2+ам#1+ь+2+у#1+е+2#1+ь+2+ой#-#-#-
103 1+ь#1+ери#1+ери#1+ерей#1+ери#1+ерям#1+ь#-#-#-#-#-
104 1+ое#1+ие#1+ого#1+их#1+ому#1+им#1+ое#1+ие#-#-#-#-
105 1+о+2+ь#1+2+и#1+2+и#1+2+ей#1+в+2#1+2+ям#1+2+вь#-#-#-#-#-
106 1+о+2#1+2+ы#1+2+а#1+2+ов#1+2+у#1+2+ам#1+2+л#1+2+ы#1+2+ом#1+2+ами#-#-
107 1+о+2#1+2+ы#1+2+а#1+2+ов#1+2+у#1+2+ам#1+2+в#1+2+ы#1+2+ом#1+2+ами#-#-
108 1+о#1+еса#1+а#1+ес#1+у#1+есам#1+о#1+еса#1+ом#1+есами#-#-
109 1+е+2+ь#1+2+и#1+2+я#1+2+ей#1+2+ю#1+2+ям#1+2+я#1+2+ей#1+2+ем#1+2+ями#-#-
110 1+е+2+ь#1+2+и#1+2+я#1+2+ей#1+2+ю#1+2+ям#1+2+ль#1+2+и#1+2+ем#1+2+ями#-#-
111 1+е+2+а#1+ё+2+ы#1+е+2+ы#1+ё+2#1+е+2+е#1+ё+2+ам#1+е+2+у#1+ё+2+ы#1+е+2+ой#1+ё+2+ами#-#-
112 1+е+2+а#1+ё+2+ы#1+е+2+ы#1+ё+2#1+е+2+е#1+ё+2+ам#1+е+2+у#1+ё+2#1+е+2+ой#1+ё+2+ами#-#-
113 1+е+2+а#1+е+2+ы#1+е+2+ы#1+ё+2#1+е+2+е#1+е+2+ам#1+е+2+у#1+е+2+ы#1+е+2+ой#-#-#-
114 1+е+2+3+а#1+ё+2+3+ы#1+е+2+3+ы#1+ё+2+е+3#1+е+2+3+е#1+ё+2+3+ам#1+е+2+3+у#1+ё+2+3+ы#1+е+2+3+ой#1+ё+2+3+ами#-#-
115 1+е+2+3+а#1+ё+2+3+ы#1+е+2+3+ы#1+е+2+ё+3#1+е+2+3+е#1+ё+2+3+ам#1+е+2+3+у#1+е+2+3+р#1+е+2+3+ой#1+ё+2+3+ами#-#-
116 1+е#1+я#1+я#1+ей#1+ю#1+ям#1+е#1+я#-#-#-#-
117 1+ая#1+ие#1+ой#1+их#1+ой#1+им#1+ую#-#-#-#-#-
118 1+а#1+и#1+и#1+ей#1+е#1+ам#1+у#1+и#1+ой#-#-#-
119 1+а#1+и#1+и#1+ей#1+е#1+ам#1+у#1+ей#-#-#-#-
120 1+2+я#1+2+и#1+н+2#1+2+нь#1+2+е#1+2+ям#1+2+ю#1+2+и#1+2+ей#-#-#-
121 1+2+я#1+2+и#1+л+2#1+2+ль#1+2+е#1+2+ям#1+2+ю#1+2+и#1+2+ёй#-#-#-
122 1+2+е#1+2+а#1+ц+2#1+2+ц#1+2+у#1+2+ам#1+2+е#1+2+а#-#-#-#-
123 1#1+ья#1+а#1+ьев#1+у#1+ьям#1+а#1+ьев#1+ом#1+ьями#-#-
124 1#1+ы#1+а#1+ев#1+у#1+ам#1+а#1+ев#1+ем#1+ами#-#-
125 1#1+и#1+а#1+ей#1+у#1+ам#1+а#1+ей#1+ем#1+ами#-#-
126 -#1+ь+2+и#-#1+е+2#-#1+ь+2+ам#-#1+ь+2+и#-#1+ь+2+ами#-#-
127 -#1+и#-#1+ей#-#1+ам#-#1+и#-#1+ами#-#-
128 -#1+и#-#1#-#1+ам#-#1+и#-#1+ами#-#-
129 -#1+2+и#-#1+е+2#-#1+2+ам#-#1+2+к#-#1+2+ами#-#-
130 ё+1#е+1+и#е+1+а#е+1+ей#е+1+у#е+1+ам#е+1+а#е+1+ей#е+1+ом#е+1+ами#-#-
131 че+1+овек#1+юди#че+1+овека#1+юдей#че+1+овеку#1+юдям#че+1+овека#1+юдей#че+1+овеком#1+юдьми#-#-
132 ребёноч+1+2#д+1+т+2+и#р+1+бёноч+2+а#д+1+то+2#р+1+бёноч+2+у#д+1+т+2+ам#р+1+бёноч+2+а#д+1+т+2+к#р+1+бёноч+2+ом#д+1+т+2+ами#-#-
133 р+1+бёнок#д+1+ти#р+1+бёнка#дет+1+й#р+1+бёнку#д+1+тям#р+1+бёнка#д+1+тей#ребёнк+1+м#д+1+тьми#-#-
134 р+1+бёнок#д+1+ти#р+1+бёнка#дет+1+й#р+1+бёнку#д+1+тям#р+1+бёнка#д+1+тей#р+1+бёнком#д+1+тьми#-#-
135 р+1+бёнок#д+1+ти#р+1+бёнка#д+1+тей#р+1+бёнку#д+1+тям#р+1+бёнка#д+1+тей#ребёнк+1+м#д+1+тьми#-#-
136 р+1+бёнок#д+1+ти#р+1+бёнка#д+1+тей#р+1+бёнку#д+1+тям#р+1+бёнка#д+1+тей#р+1+бёнком#д+1+тьми#-#-
137 1+ё+2#1+ь+2+ы#1+ь+2+а#1+ь+2+ов#1+ь+2+у#1+ь+2+ам#1+ё+2#1+ь+2+ы#1+ь+2+ом#1+ь+2+ами#-#-
138 1+ё+2#1+ь+2+и#1+ь+2+а#1+ь+2+ов#1+ь+2+у#1+ь+2+ам#1+ь+2+а#1+ь+2+ов#1+ь+2+ом#1+ь+2+ами#-#-
139 1+ё+2#1+й+2+ы#1+й+2+а#1+й+2+ов#1+й+2+у#1+йма+2#1+ём+2#1+ймы+2#1+й+2+ом#1+й+2+ами#-#-
140 1+ё+2#1+й+2+ы#1+й+2+а#1+й+2+ов#1+й+2+у#1+йма+2#1+ём+2#1+й+2+ы#1+й+2+ом#1+й+2+ами#-#-
141 1+ё+2#1+й+2+ы#1+й+2+а#1+й+2+ов#1+й+2+у#1+йма+2#1+ё+2#1+ймы+2#1+й+2+ом#1+й+2+ами#-#-
142 1+ё+2#1+й+2+ы#1+й+2+а#1+й+2+ов#1+й+2+у#1+йма+2#1+ё+2#1+й+2+ы#1+й+2+ом#1+й+2+ами#-#-
143 1+ё+2#1+й+2+ы#1+й+2+а#1+й+2+ов#1+й+2+у#1+й+2+ам#1+ём+2#1+ймы+2#1+й+2+ом#1+й+2+ами#-#-
144 1+ё+2#1+й+2+ы#1+й+2+а#1+й+2+ов#1+й+2+у#1+й+2+ам#1+ём+2#1+й+2+ы#1+й+2+ом#1+й+2+ами#-#-
145 1+ё+2#1+й+2+ы#1+й+2+а#1+й+2+ов#1+й+2+у#1+й+2+ам#1+ё+2#1+ймы+2#1+й+2+ом#1+й+2+ами#-#-
146 1+ё+2#1+й+2+ы#1+й+2+а#1+й+2+ов#1+й+2+у#1+й+2+ам#1+ё+2#1+й+2+ы#1+й+2+ом#1+й+2+ами#-#-
147 1+ё+2#1+й+2+и#1+й+2+а#1+й+2+ов#1+й+2+у#1+й+2+ам#1+ё+2#1+й+2+и#1+й+2+ом#1+й+2+ами#-#-
148 1+ё+2#1+е+2+ы#1+е+2+а#1+е+2+ов#1+е+2+у#1+е+2+ам#1+ё+2#1+е+2+ы#1+е+2+ом#1+е+2+ами#-#-
149 1+ё+2#1+е+2+и#1+ё+2+а#1+е+2+ей#1+ё+2+у#1+е+2+ям#1+ё+2+а#1+е+2+ей#1+ё+2+ом#1+е+2+ями#-#-
150 1+ё+2#1+е+2+а#1+ё+2+а#1+е+2+ов#1+ё+2+у#1+е+2+ам#1+ё+2#1+е+2+а#1+ё+2+ом#1+е+2+ами#-#-
151 1+ё+2#1+2+ы#1+2+а#1+2+ов#1+2+у#1+2+ам#1+2+л#1+2+ы#1+2+ом#1+2+ами#-#-
152 1+ё#1+я#1+я#1+ёв#1+ю#1+ям#1+ё#1+я#1+ём#-#-#-
153 1+я+2#1+й+2+ы#1+й+2+а#1+й+2+ев#1+й+2+у#1+й+2+ам#1+й+2+а#1+й+2+ев#1+й+2+ем#1+й+2+ами#-#-
154 1+я#1+ёна#1+ени#1+ён#1+ени#1+ёнам#1+я#1+ёна#-#-#-#-
155 1+я#1+и#1+и#1+я#1+е#1+ям#1+ю#1+я#-#-#-#-
156 1+я#1+и#1+и#1+ь#1+е#1+ям#1+ю#1+и#1+ёй#-#-#-
157 1+я#1+и#1+и#1+й#1+е#1+ям#1+ю#1+й#1+ёй#-#-#-
158 1+я#1+и#1+и#1+ей#1+е#1+ям#1+ю#1+и#-#-#-#-
159 1+я#1+и#1+и#1+ей#1+е#1+ям#1+ю#1+ей#-#-#-#-
160 1+я#1+ена#1+ени#1+ян#1+ени#1+енам#1+я#1+ена#-#-#-#-
161 1+ьё#1+ья#1+ья#1+ий#1+ью#1+ьям#1+ьё#1+ья#1+ьём#-#-#-
162 1+ья#1+ьи#1+ьи#1+ий#1+ье#1+ьям#1+ью#1+ий#1+ьей#-#-#-
163 1+ь+2+о#1+ь+2+а#1+ь+2+а#1+е+2#1+ьму+2#1+ьма+2#1+ьмо+2#1+ь+2+а#1+ь+2+ом#-#-#-
164 1+ь+2+о#1+ь+2+а#1+ь+2+а#1+е+2#1+ьму+2#1+ьма+2#1+ь+2+о#1+ь+2+а#1+ь+2+ом#-#-#-
165 1+ь+2+о#1+ь+2+а#1+ь+2+а#1+е+2#1+ьму+2#1+ь+2+ам#1+ьмо+2#1+ь+2+а#1+ь+2+ом#-#-#-
166 1+ь+2+о#1+ь+2+а#1+ь+2+а#1+е+2#1+ьму+2#1+ь+2+ам#1+ь+2+о#1+ь+2+а#1+ь+2+ом#-#-#-
167 1+ь+2+о#1+ь+2+а#1+ь+2+а#1+е+2#1+ь+2+у#1+ьма+2#1+ьмо+2#1+ь+2+а#1+ь+2+ом#-#-#-
168 1+ь+2+о#1+ь+2+а#1+ь+2+а#1+е+2#1+ь+2+у#1+ьма+2#1+ь+2+о#1+ь+2+а#1+ь+2+ом#-#-#-
169 1+ь+2+о#1+ь+2+а#1+ь+2+а#1+е+2#1+ь+2+у#1+ь+2+ам#1+ьмо+2#1+ь+2+а#1+ь+2+ом#-#-#-
170 1+ь+2+а#1+ь+2+ы#1+ь+2+ы#1+е+2#1+ьме+2#1+ь+2+ам#1+ь+2+у#1+ьмы+2#1+ь+2+ой#-#-#-
171 1+ь+2+а#1+ь+2+ы#1+ь+2+ы#1+е+2#1+ьме+2#1+ь+2+ам#1+ь+2+у#1+ь+2+ы#1+ь+2+ой#-#-#-
172 1+ь+2+а#1+ь+2+ы#1+ь+2+ы#1+е+2#1+ь+2+е#1+ь+2+ам#1+ь+2+у#1+ьмы+2#1+ь+2+ой#-#-#-
173 1+ь#1+я#1+я#1+ей#1+ю#1+ям#1+я#1+ей#1+ем#-#-#-
174 1+ь#1+ья#1+я#1+ьёв#1+ю#1+ьям#1+я#1+ьёв#1+ем#1+ьями#-#-
175 1+ь#1+ья#1+я#1+ей#1+ю#1+ьям#1+я#1+ей#1+ем#1+ьями#-#-
176 1+ь#-#1+я#-#1+ю#-#1+ь#-#1+ем#-#-#-
177 1+ь#-#1+а#-#1+у#-#1+а#-#1+ом#-#-#-
178 1+хо#1+ши#1+ха#1+шей#1+ху#1+шам#1+хо#1+ши#1+хом#1+шами#-#-
179 1+онок#1+ата#1+онка#1+ат#1+онку#1+атам#1+онка#1+ат#1+онком#1+атами#-#-
180 1+о+2+ь#1+2+и#1+2+я#1+2+ей#1+2+ю#1+2+ям#1+2+я#1+2+ей#1+2+ем#1+2+ями#-#-
181 1+о+2+ь#1+2+и#1+2+я#1+2+ей#1+2+ю#1+2+ям#1+2+нь#1+2+и#1+2+ём#1+2+ями#-#-
182 1+о+2+ь#1+2+и#1+2+и#1+2+ей#1+ж+2#1+2+ам#1+2+жь#-#-#-#-#-
183 1+о+2#1+2+ы#1+2+а#1+2+ов#1+2+у#1+2+ам#1+2+т#1+2+ы#1+2+ом#1+2+ами#-#-
184 1+о+2#1+2+ы#1+2+а#1+2+ов#1+2+у#1+2+ам#1+2+р#1+2+ы#1+2+ом#1+2+ами#-#-
185 1+о+2#1+2+ы#1+2+а#1+2+ов#1+2+у#1+2+ам#1+2+н#1+2+ы#1+2+ом#1+2+ами#-#-
186 1+о+2#1+2+ы#1+2+а#1+2+ов#1+2+у#1+2+ам#1+2+б#1+2+ы#1+2+ом#1+2+ами#-#-
187 1+о+2#1+2+ы#1+2+а#1+2+ов#1+2+у#1+2+ам#1+2+а#1+2+ов#1+2+ом#1+2+ами#-#-
188 1+о+2#1+2+и#1+2+а#1+2+ов#1+2+у#1+2+ам#1+2+х#1+2+и#1+2+ом#1+2+ами#-#-
189 1+о+2#1+2+и#1+2+а#1+2+к#1+2+у#1+2+ам#1+2+а#1+2+к#1+2+ом#-#-#-
190 1+о#1+и#1+а#1+ей#1+у#1+ям#1+о#1+и#1+ом#1+ями#-#-
191 1+о#1+а#1+а#1+ов#1+у#1+ам#1+о#1+а#1+ом#-#-#-
192 1+но#1+а#1+на#1+ов#1+ну#1+ам#1+но#1+а#1+ном#1+ами#-#-
193 1+ко#1+чи#1+ка#1+чей#1+ку#1+чам#1+ко#1+чи#1+ком#1+чами#-#-
194 1+к#1+чья△#1+ка#1+чьев△#1+ку#1+чьям△#1+к#1+чья△#1+ком#1+чьями△#-#-
195 1+й+2+о#1+й+2+а#1+й+2+а#1+и+2#1+й+2+у#1+й+2+ам#1+й+2+о#1+й+2+а#1+й+2+ом#-#-#-
196 1+й+2+а#1+й+2+и#1+й+2+и#1+ё+2#1+й+2+е#1+й+2+ам#1+й+2+у#1+й+2+и#1+й+2+ой#-#-#-
197 1+й#1+я#1+я#1+ёв#1+ю#1+ям#1+й#1+я#1+ем#-#-#-
198 1+й#1+и#1+я#1+ев#1+ю#1+ям#1+я#1+ев#1+ем#-#-#-
199 1+ица#1+ы#1+ицы#1#1+ице#1+ам#1+ицу#1#1+ицей#1+ами#-#-
200 1+ин#1+ы#1+ина#1#1+ину#1+ам#1+ина#1#1+ином#1+ами#-#-
201 1+ин#1+ева#1+ина#1+ев#1+ину#1+евам#1+ина#1+ев#1+ином#1+евами#-#-
202 1+ин#1+а#1+ина#1#1+ину#1+ам#1+ина#1#1+ином#1+ами#-#-
203 1+ий#1+ие#1+ого#1+их#1+ому#1+им#1+ого#1+их#-#-#-#-
204 1+и+2+я#1+е+2+и#1+итя+2+и#1+е+2+ей#1+и+2+яти#1+етя+2#1+и+2+я#1+е+2+ей#-#-#-#-
205 1+и+2+я#1+е+2+и#1+итя+2+и#1+е+2+ей#1+и+2+яти#1+е+2+ям#1+и+2+я#1+е+2+ей#-#-#-#-
206 1+и+2+я#1+е+2+и#1+и+2+яти#1+е+2+ей#1+и+2+яти#1+етя+2#1+и+2+я#1+е+2+ей#-#-#-#-
207 1+и+2+я#1+е+2+и#1+и+2+яти#1+е+2+ей#1+и+2+яти#1+е+2+ям#1+и+2+я#1+е+2+ей#-#-#-#-
208 1+ей#1+ьи#1+ья#1+ьёв#1+ью#1+ьям#1+ей#1+ьи#1+ьём#1+ьями#-#-
209 1+е+2+а#1+ё+2+ы#1+е+2+ы#1+ё+2#1+е+2+е#1+е+2+ам#1+е+2+у#1+ё+2+ы#1+е+2+ой#1+е+2+ами#-#-
210 1+е+2+а#1+ё+2+и#1+е+2+и#1+ё+2#1+е+2+е#1+е+2+ам#1+ё+2+у#1+ё+2+и#1+е+2+ой#1+е+2+ами#-#-
211 1+е+2+3+о#1+ё+2+3+а#1+е+2+3+а#1+ё+2+о+3#1+е+2+3+у#1+ё+2+3+ам#1+е+2+3+о#1+ё+2+3+а#1+е+2+3+ом#1+ё+2+3+ами#-#-
212 1+е+2#1+ь+2+ы#1+ь+2+а#1+ьво+2#1+ь+2+у#1+ь+2+ам#1+ь+2+а#1+ь+2+ов#1+ь+2+ом#1+ь+2+ами#-#-
213 1+е+2#1+ь+2+ы#1+ь+2+а#1+ь+2+ов#1+ь+2+у#1+ь+2+ам#1+ь+2+а#1+ь+2+ов#1+ь+2+ом#1+ь+2+ами#-#-
214 1+е+2#1+ь+2+ы#1+ь+2+а#1+ь+2+ов#1+ь+2+у#1+ь+2+ам#1+е+2#1+ь+2+ы#1+ь+2+ом#1+ь+2+ами#-#-
215 1+е+2#1+ь+2+ы#1+ь+2+а#1+ь+2+ев#1+ь+2+у#1+ь+2+ам#1+е+2#1+ь+2+ы#1+ь+2+ем#1+ь+2+ами#-#-
216 1+е+2#1+й+2+ы#1+й+2+а#1+й+2+ов#1+й+2+у#1+й+2+ам#1+й+2+а#1+й+2+ов#1+й+2+ом#1+й+2+ами#-#-
217 1+е+2#1+2+ы#1+2+а#1+2+ов#1+2+у#1+2+ам#1+2+т#1+2+ы#1+2+ом#1+2+ами#-#-
218 1+е+2#1+2+ы#1+2+а#1+2+ов#1+2+у#1+2+ам#1+2+р#1+2+ы#1+2+ом#1+2+ами#-#-
219 1+е+2#1+2+и#1+2+а#1+2+ов#1+2+у#1+2+ам#1+2+а#1+2+ов#1+2+ом#1+2+ами#-#-
220 1+е#1+я#1+я#1+ь#1+ю#1+ям#1+е#1+я#-#-#-#-
221 1+е#1+я#1+я#1+ев#1+ю#1+ям#1+е#1+я#-#-#-#-
222 1+е#1+а#1+а#1#1+у#1+ам#1+е#1#-#-#-#-
223 1+г#1+зья#1+га#1+зей#1+гу#1+зьям#1+га#1+зей#1+гом#1+зьями#-#-
224 1+ая#1+ие#1+ей#1+их#1+ей#1+им#1+ую#-#-#-#-#-
225 1+а+2+я#1+о+2+и#1+а+2+и#1+о+2+ь#1+а+2+е#1+о+2+ям#1+а+2+ю#1+о+2+и#1+а+2+ёй#1+о+2+ями#-#-
226 1+а#1+ы#1+ы#-#1+е#1+ам#1+у#1+ы#1+ой#-#-#-
227 1+а#1+и#1+и#1#1+е#1+ам#1+у#1+и#1+ью#-#-#-
228 1+а#-#1+ы#-#1+е#-#1+у#-#1+ой#-#-#-
229 1+2+я#1+2+и#1+н+2#1+2+нь#1+2+е#1+2+ям#1+2+ю#1+2+нь#1+2+ей#-#-#-
230 1+2+о#1+2+а#1+р+2#1+2+р#1+2+у#1+2+ам#1+2+о#1+2+а#1+2+ом#-#-#-
231 1+2+а#1+у+2+ы#1+у+2+а#1+у+2+ов#1+у+2+у#1+у+2+ам#1+ч+2#1+у+2+ы#1+у+2+ом#1+у+2+ами#-#-
232 1+2+а#1+у+2+ы#1+у+2+а#1+у+2+ов#1+у+2+у#1+у+2+ам#1+г+2#1+у+2+ы#1+у+2+ом#1+у+2+ами#-#-
233 1+2+а#1+у+2+ы#1+у+2+а#1+у+2+ов#1+у+2+у#1+у+2+ам#1+в+2#1+у+2+ы#1+у+2+ом#1+у+2+ами#-#-
234 1+2+а#1+2+ы#1+ц+2#1+2+ц#1+2+е#1+2+ам#1+2+у#1+2+ы#1+2+ей#-#-#-
235 1+2+а#1+2+ы#1+ц+2#1+2+ц#1+2+е#1+2+ам#1+2+у#1+2+ц#1+2+ой#-#-#-
236 1+2+а#1+2+ы#1+н+2#1+2+н#1+2+е#1+2+ам#1+2+у#1+2+ы#1+2+ой#-#-#-
237 1+2+а#1+2+ы#1+н+2#1+2+н#1+2+е#1+2+ам#1+2+у#1+2+н#1+2+ой#-#-#-
238 1+2+а#1+2+ы#1+л+2#1+2+л#1+2+е#1+2+ам#1+2+у#1+2+ы#1+2+ой#-#-#-
239 1+2+а#1+2+ы#1+л+2#1+2+л#1+2+е#1+2+ам#1+2+у#1+2+л#1+2+ой#-#-#-
240 1#1+ья#1+а#1+ей#1+у#1+ьям#1+а#1+ей#1+ем#1+ьями#-#-
241 1#1+овья#1+а#1+овей#1+у#1+овьям#1+а#1+овей#1+ом#1+овьями#-#-
242 1#1+и#1+а#1+ей#1+у#1+ям#1+а#1+ей#1+ом#1+ями#-#-
243 1#1+е#1+а#1#1+у#1+ам#1+а#1#-#-#-#-
244 1#1+а#1+а#1+ей#1+у#1+ам#1+а#1+ей#1+ем#-#-#-
245 1#1+а#1+а#1#1+у#1+ам#1#1+а#-#-#-#-
246 1#-#1+а#-#1+у#-#1#-#1+ом#-#-#-
247 -#1+и#-#1+ев#-#1+ям#-#1+и#-#1+ями#-#-
248 -#1+е#-#1+х#-#1+м#-#1+е#-#-#-#-
249 -#1+а#-#1#-#1+ам#-#1#-#1+ами#-#-
