0     1#1#1+ы#1+а#1+ов#1+у#1+ам#1#1+ы#1+ом#1+ами#1+е#1+ах	959
1     1+е#1+е#1+я#1+я#1+й#1+ю#1+ям#1+е#1+я#1+ем#1+ями#1+и#1+ях	622
2     1+а#1+а#1+ы#1+ы#1#1+е#1+ам#1+у#1+ы#1+ой#1+ами#1+е#1+ах	444
3     1+ь#1+ь#1+и#1+и#1+ей#1+и#1+ям#1+ь#1+и#1+ью#1+ями#1+и#1+ях	330
4     1+я#1+я#1+и#1+и#1+й#1+и#1+ям#1+ю#1+и#1+ей#1+ями#1+и#1+ях	270
5     1#1#1+ы#1+а#1+ов#1+у#1+ам#1+а#1+ов#1+ом#1+ами#1+е#1+ах	249
6     1+2+а#1+2+а#1+2+и#1+2+и#1+о+2#1+2+е#1+2+ам#1+2+у#1+2+и#1+2+ой#1+2+ами#1+2+е#1+2+ах	239
7     1#1#1+и#1+а#1+ов#1+у#1+ам#1#1+и#1+ом#1+ами#1+е#1+ах	222
8     1#1#1+и#1+а#1+ов#1+у#1+ам#1+а#1+ов#1+ом#1+ами#1+е#1+ах	174
9     1+о#1+о#1+а#1+а#1#1+у#1+ам#1+о#1+а#1+ом#1+ами#1+е#1+ах	143
10    1+а#1+а#1+и#1+и#1#1+е#1+ам#1+у#1+и#1+ой#1+ами#1+е#1+ах	98
11    1+о+2#1+о+2#1+2+и#1+2+а#1+2+ов#1+2+у#1+2+ам#1+о+2#1+2+и#1+2+ом#1+2+ами#1+2+е#1+2+ах	97
12    1+2+а#1+2+а#1+2+и#1+2+и#1+е+2#1+2+е#1+2+ам#1+2+у#1+2+и#1+2+ой#1+2+ами#1+2+е#1+2+ах	92
13    1+ь#1+ь#1+и#1+я#1+ей#1+ю#1+ям#1+я#1+ей#1+ем#1+ями#1+е#1+ях	74
14    1#1#1+а#1+а#1+ов#1+у#1+ам#1#1+а#1+ом#1+ами#1+е#1+ах	47
15    1+а#1+а#1+ы#1+ы#1#1+е#1+ам#1+у#1#1+ой#1+ами#1+е#1+ах	37
16    1+а#1+а#1+и#1+и#1#1+е#1+ам#1+у#1+и#1+ей#1+ами#1+е#1+ах	36
17    1+ь#1+ь#1+и#1+я#1+ей#1+ю#1+ям#1+ь#1+и#1+ем#1+ями#1+е#1+ях	34
18    1#1#1#1#1#1#1#1#1#1#1#1#1	32
19    1+а#1+а#1+ы#1+ы#1#1+е#1+ам#1+у#1+ы#1+ей#1+ами#1+е#1+ах	26
20    1+ь#1+ь#1+и#1+я#1+ей#1+ю#1+ям#1+ь#1+и#1+ём#1+ями#1+е#1+ях	23
21    1+е+2#1+е+2#1+2+ы#1+2+а#1+2+ев#1+2+у#1+2+ам#1+2+а#1+2+ев#1+2+ем#1+2+ами#1+2+е#1+2+ах	23
22    1+2+а#1+2+а#1+2+и#1+2+и#1+е+2#1+2+е#1+2+ам#1+2+у#1+е+2#1+2+ой#1+2+ами#1+2+е#1+2+ах	23
23    1+й#1+й#1+и#1+я#1+ев#1+ю#1+ям#1+й#1+и#1+ем#1+ями#1+е#1+ях	21
24    1+ье#1+ье#1+ья#1+ья#1+ий#1+ью#1+ьям#1+ье#1+ья#1+ьем#1+ьями#1+ье#1+ьях	20
25    1+а#1+а#1+ы#1+ы#1#1+е#1+ам#1+у#1#1+ей#1+ами#1+е#1+ах	20
26    1+2+а#1+2+а#1+2+и#1+2+и#1+о+2#1+2+е#1+2+ам#1+2+у#1+о+2#1+2+ой#1+2+ами#1+2+е#1+2+ах	20
27    1#1#1+и#1+а#1+ей#1+у#1+ам#1#1+и#1+ем#1+ами#1+е#1+ах	20
28    1#1#1+и#1+а#1+ей#1+у#1+ам#1#1+и#1+ом#1+ами#1+е#1+ах	19
29    1+й+2+а#1+й+2+а#1+й+2+и#1+й+2+и#1+е+2#1+й+2+е#1+й+2+ам#1+й+2+у#1+й+2+и#1+й+2+ой#1+й+2+ами#1+й+2+е#1+й+2+ах	17
30    1+ин#1+ин#1+е#1+ина#1#1+ину#1+ам#1+ина#1#1+ином#1+ами#1+ине#1+ах	15
31    1+ь#1+ь#1+и#1+и#1+ей#1+и#1+ам#1+ь#1+и#1+ью#1+ами#1+и#1+ах	14
32    1+а#1+а#1+и#1+и#1#1+е#1+ам#1+у#1#1+ой#1+ами#1+е#1+ах	14
33    1+о+2#1+о+2#1+2+и#1+2+а#1+2+ов#1+2+у#1+2+ам#1+2+а#1+2+ов#1+2+ом#1+2+ами#1+2+е#1+2+ах	13
34    1+я#1+я#1+и#1+и#1+ь#1+е#1+ям#1+ю#1+и#1+ей#1+ями#1+е#1+ях	12
35    1+ы#-#1+ы#-#1+ов#-#1+ам#-#1+ы#-#1+ами#-#1+ах	12
36    1+е+2+ь#1+е+2+ь#1+2+и#1+2+я#1+2+ей#1+2+ю#1+2+ям#1+е+2+ь#1+2+и#1+2+ем#1+2+ями#1+2+е#1+2+ях	12
37    1+е+2#1+е+2#1+2+ы#1+2+а#1+2+ов#1+2+у#1+2+ам#1+е+2#1+2+ы#1+2+ом#1+2+ами#1+2+е#1+2+ах	12
38    1+е#1+е#1+а#1+а#1#1+у#1+ам#1+е#1+а#1+ем#1+ами#1+е#1+ах	12
39    1+е+2#1+е+2#1+2+ы#1+2+а#1+2+ов#1+2+у#1+2+ам#1+2+а#1+2+ов#1+2+ом#1+2+ами#1+2+е#1+2+ах	10
40    1+ая#1+ая#1+ые#1+ой#1+ых#1+ой#1+ым#1+ую#1+ые#1+ой#1+ыми#1+ой#1+ых	10
41    1+я#1+я#1+и#1+и#1+й#1+е#1+ям#1+ю#1+и#1+ей#1+ями#1+е#1+ях	8
42    1+ь#1+ь#1+и#1+я#1+ей#1+ю#1+ям#1+я#1+ей#1+ём#1+ями#1+е#1+ях	8
43    1+о+2#1+о+2#1+2+ы#1+2+а#1+2+ов#1+2+у#1+2+ам#1+о+2#1+2+ы#1+2+ом#1+2+ами#1+2+е#1+2+ах	8
44    1+й#1+й#1+и#1+я#1+ев#1+ю#1+ям#1+я#1+ев#1+ем#1+ями#1+е#1+ях	8
45    1+е+2+3+о#1+е+2+3+о#1+ё+2+3+а#1+е+2+3+а#1+ё+2+е+3#1+е+2+3+у#1+ё+2+3+ам#1+е+2+3+о#1+ё+2+3+а#1+е+2+3+ом#1+ё+2+3+ами#1+е+2+3+е#1+ё+2+3+ах	8
46    1+2+я#1+2+я#1+2+и#1+2+и#1+е+2#1+2+е#1+2+ям#1+2+ю#1+2+и#1+2+ей#1+2+ями#1+2+е#1+2+ях	8
47    1+2+о#1+2+о#1+2+а#1+2+а#1+е+2#1+2+у#1+2+ам#1+2+о#1+2+а#1+2+ом#1+2+ами#1+2+е#1+2+ах	8
48    1#1#1+и#1+а#1+ей#1+у#1+ам#1+а#1+ей#1+ом#1+ами#1+е#1+ах	8
49    1+ы#-#1+ы#-#1#-#1+ам#-#1+ы#-#1+ами#-#1+ах	7
50    1+2+о#1+2+о#1+2+и#1+2+а#1+е+2#1+2+у#1+2+ам#1+2+о#1+2+и#1+2+ом#1+2+ами#1+2+е#1+2+ах	7
51    1#1#1+ья#1+а#1+ьев#1+у#1+ьям#1#1+ья#1+ом#1+ьями#1+е#1+ьях	7
52    1+я#1+я#1+и#1+и#1+ь#1+е#1+ям#1+ю#1+ь#1+ей#1+ями#1+е#1+ях	6
53    1+я#1+я#1+и#1+и#1+ей#1+е#1+ям#1+ю#1+и#1+ёй#1+ями#1+е#1+ях	6
54    1+ьё#1+ьё#1+ья#1+ья#1+ей#1+ью#1+ьям#1+ьё#1+ья#1+ьём#1+ьями#1+ье#1+ьях	6
55    1+ь#1+ь#1+и#1+и#1+ей#1+и#1+ям#1+ь#1+ей#1+ью#1+ями#1+и#1+ях	6
56    1+ое#1+ое#1+ые#1+ого#1+ых#1+ому#1+ым#1+ое#1+ые#1+ым#1+ыми#1+ом#1+ых	6
57    1+й#1+й#1+и#1+я#1+ёв#1+ю#1+ям#1+й#1+и#1+ем#1+ями#1+е#1+ях	6
58    1+е+2#1+е+2#1+2+и#1+2+а#1+2+ов#1+2+у#1+2+ам#1+е+2#1+2+и#1+2+ом#1+2+ами#1+2+е#1+2+ах	6
59    1+а#-#1+а#-#1#-#1+ам#-#1+а#-#1+ами#-#1+ах	6
60    1+2+я#1+2+я#1+2+и#1+2+и#1+е+2+ь#1+2+е#1+2+ям#1+2+ю#1+2+и#1+2+ей#1+2+ями#1+2+е#1+2+ях	6
61    1+ё+2#1+ё+2#1+ь+2+и#1+ь+2+а#1+ь+2+ов#1+ь+2+у#1+ь+2+ам#1+ё+2#1+ь+2+и#1+ь+2+ом#1+ь+2+ами#1+ь+2+е#1+ь+2+ах	5
62    1+я#1+я#1+ена#1+ени#1+ён#1+ени#1+енам#1+я#1+ена#1+енем#1+енами#1+ени#1+енах	5
63    1+о#1+о#1+и#1+а#1#1+у#1+ам#1+о#1+и#1+ом#1+ами#1+е#1+ах	5
64    1+й#1+й#1+и#1+я#1+ев#1+ю#1+ям#1+й#1+и#1+ем#1+ями#1+и#1+ях	5
65    1+ий#1+ий#1+ие#1+его#1+их#1+ему#1+им#1+его#1+их#1+им#1+ими#1+ем#1+их	5
66    1+е+2+о#1+е+2+о#1+ё+2+а#1+е+2+а#1+ё+2#1+е+2+у#1+ё+2+ам#1+е+2+о#1+ё+2+а#1+е+2+ом#1+ё+2+ами#1+е+2+е#1+ё+2+ах	5
67    1+2+о#1+2+о#1+2+а#1+2+а#1+о+2#1+2+у#1+2+ам#1+2+о#1+2+а#1+2+ом#1+2+ами#1+2+е#1+2+ах	5
68    1#1#1+а#1+а#1+ов#1+у#1+ам#1+а#1+ов#1+ом#1+ами#1+е#1+ах	5
69    1+ёнок#1+ёнок#1+ята#1+ёнка#1+ят#1+ёнку#1+ятам#1+ёнка#1+ят#1+ёнком#1+ятами#1+ёнке#1+ятах	4
70    1+ь+2+а#1+ь+2+а#1+ь+2+ы#1+ь+2+ы#1+е+2#1+ь+2+е#1+ь+2+ам#1+ь+2+у#1+ь+2+ы#1+ь+2+ой#1+ь+2+ами#1+ь+2+е#1+ь+2+ах	4
71    1+ый#1+ый#1+ые#1+ого#1+ых#1+ому#1+ым#1+ого#1+ых#1+ым#1+ыми#1+ом#1+ых	4
72    1+ое#1+ое#1+ые#1+ого#1+ых#1+ому#1+ым#1+ое#1+ых#1+ым#1+ыми#1+ом#1+ых	4
73    1+о+2+ь#1+о+2+ь#1+2+и#1+2+я#1+2+ей#1+2+ю#1+2+ям#1+о+2+ь#1+2+и#1+2+ем#1+2+ями#1+2+е#1+2+ях	4
74    1+о#1+о#1+ья#1+а#1+ьев#1+у#1+ьям#1+о#1+ья#1+ом#1+ьями#1+е#1+ьях	4
75    1+ее#1+ее#1+ие#1+его#1+их#1+ему#1+им#1+ее#1+ие#1+им#1+ими#1+ем#1+их	4
76    1+е+2#1+е+2#1+ь+2+ы#1+ь+2+а#1+ь+2+ев#1+ь+2+у#1+ь+2+ам#1+ь+2+а#1+ь+2+ев#1+ь+2+ем#1+ь+2+ами#1+ь+2+е#1+ь+2+ах	4
77    1+е+2#1+е+2#1+й+2+ы#1+й+2+а#1+й+2+ев#1+й+2+у#1+й+2+ам#1+й+2+а#1+й+2+ев#1+й+2+ем#1+й+2+ами#1+й+2+е#1+й+2+ах	4
78    1+е+2#1+е+2#1+2+ы#1+2+а#1+2+ев#1+2+у#1+2+ам#1+е+2#1+2+ы#1+2+ем#1+2+ами#1+2+е#1+2+ах	4
79    1+2+и#-#1+2+и#-#1+о+2#-#1+2+ам#-#1+2+и#-#1+2+ами#-#1+2+ах	4
80    1+ё+2#1+ё+2#1+е+2+и#1+е+2+а#1+е+2+ей#1+е+2+у#1+е+2+ам#1+ё+2#1+е+2+и#1+е+2+ом#1+е+2+ами#1+е+2+е#1+е+2+ах	3
81    1+ё+2#1+ё+2#1+2+ы#1+2+а#1+2+ов#1+2+у#1+2+ам#1+ё+2#1+2+ы#1+2+ом#1+2+ами#1+2+е#1+2+ах	3
82    1+ья#1+ья#1+ьи#1+ьи#1+ей#1+ье#1+ьям#1+ью#1+ьи#1+ьёй#1+ьями#1+ье#1+ьях	3
83    1+ь+2+о#1+ь+2+о#1+ь+2+а#1+ь+2+а#1+е+2#1+ь+2+у#1+ь+2+ам#1+ь+2+о#1+ь+2+а#1+ь+2+ом#1+ь+2+ами#1+ь+2+е#1+ь+2+ах	3
84    1+ь#1+ь#1+я#1+я#1+ей#1+ю#1+ям#1+ь#1+я#1+ем#1+ями#1+е#1+ях	3
85    1+о+2#1+о+2#1+2+и#1+2+а#1+о+2#1+2+у#1+2+ам#1+о+2#1+2+и#1+2+ом#1+2+ами#1+2+е#1+2+ах	3
86    1+о#1+о#1+и#1+а#1+ов#1+у#1+ам#1+о#1+и#1+ом#1+ами#1+е#1+ах	3
87    1+о#1+о#1+а#1+а#1#1+у#1+ам#1+о#1#1+ом#1+ами#1+е#1+ах	3
88    1+о#1+о#-#1+а#-#1+у#-#1+о#-#1+ом#-#1+е#-	3
89    1+й+2+а#1+й+2+а#1+й+2+и#1+й+2+и#1+е+2#1+й+2+е#1+й+2+ам#1+й+2+у#1+е+2#1+й+2+ой#1+й+2+ами#1+й+2+е#1+й+2+ах	3
90    1+и#-#1+и#-#1+ов#-#1+ам#-#1+и#-#1+ами#-#1+ах	3
91    1+и#-#1+и#-#1+ей#-#1+ям#-#1+и#-#1+ями#-#1+ях	3
92    1+ей#1+ей#1+ьи#1+ья#1+ьёв#1+ью#1+ьям#1+ья#1+ьёв#1+ьём#1+ьями#1+ье#1+ьях	3
93    1+е+2+ь#1+е+2+ь#1+2+и#1+2+я#1+2+ей#1+2+ю#1+2+ям#1+е+2+ь#1+2+и#1+2+ём#1+2+ями#1+2+е#1+2+ях	3
94    1+а#1+а#1+и#1+и#1#1+е#1+ам#1+у#1#1+ей#1+ами#1+е#1+ах	3
95    1+2+и#-#1+2+и#-#1+е+2#-#1+2+ам#-#1+2+и#-#1+2+ами#-#1+2+ах	3
96    1+2+а#1+2+а#1+у+2+ы#1+у+2+а#1+у+2+ов#1+у+2+у#1+у+2+ам#1+2+а#1+у+2+ы#1+у+2+ом#1+у+2+ами#1+у+2+е#1+у+2+ах	3
97    1#1#1+ы#1+а#1+ев#1+у#1+ам#1#1+ы#1+ем#1+ами#1+е#1+ах	3
98    1#1#1+ы#1+а#1#1+у#1+ам#1+а#1#1+ом#1+ами#1+е#1+ах	3
99    1#1#1+ы#1+а#1#1+у#1+ам#1#1+ы#1+ом#1+ами#1+е#1+ах	3
100   1+ё+2#1+ё+2#1+2+ы#1+2+а#1+2+ов#1+2+у#1+2+ам#1+2+а#1+2+ов#1+2+ом#1+2+ами#1+2+е#1+2+ах	2
101   1+я#1+я#1+и#1+и#1+й#1+е#1+ям#1+ю#1+и#1+ёй#1+ями#1+е#1+ях	2
102   1+ья#1+ья#1+ьи#1+ьи#1+ей#1+ье#1+ьям#1+ью#1+ей#1+ьёй#1+ьями#1+ье#1+ьях	2
103   1+ь+2+я#1+ь+2+я#1+ь+2+и#1+ь+2+и#1+е+2#1+ь+2+е#1+ь+2+ям#1+ь+2+ю#1+ь+2+и#1+ь+2+ей#1+ь+2+ями#1+ь+2+е#1+ь+2+ях	2
104   1+ь+2+и#-#1+ь+2+и#-#1+е+2#-#1+ь+2+ам#-#1+ь+2+и#-#1+ь+2+ами#-#1+ь+2+ах	2
105   1+ь+2+а#1+ь+2+а#1+ь+2+и#1+ь+2+и#1+е+2#1+ь+2+е#1+ь+2+ам#1+ь+2+у#1+ь+2+и#1+ь+2+ой#1+ь+2+ами#1+ь+2+е#1+ь+2+ах	2
106   1+ь+2+а#1+ь+2+а#1+ь+2+и#1+ь+2+и#1+е+2#1+ь+2+е#1+ь+2+ам#1+ь+2+у#1+е+2#1+ь+2+ой#1+ь+2+ами#1+ь+2+е#1+ь+2+ах	2
107   1+ь#1+ь#1+и#1+и#1+ей#1+и#1+ам#1+ь#1+ей#1+ью#1+ами#1+и#1+ах	2
108   1+ь#1+ь#1+ери#1+ери#1+ерей#1+ери#1+ерям#1+ь#1+ерей#1+ерью#1+ерями#1+ери#1+ерях	2
109   1+ое#1+ое#1+ие#1+ого#1+их#1+ому#1+им#1+ое#1+ие#1+им#1+ими#1+ом#1+их	2
110   1+о+2+ь#1+о+2+ь#1+2+и#1+2+и#1+2+ей#1+2+и#1+2+ям#1+о+2+ь#1+2+и#1+о+2+ью#1+2+ями#1+2+и#1+2+ях	2
111   1+о#1+о#1+еса#1+а#1+ес#1+у#1+есам#1+о#1+еса#1+ом#1+есами#1+е#1+есах	2
112   1+и#-#1+и#-#1+ей#-#1+ам#-#1+и#-#1+ами#-#1+ах	2
113   1+и#-#1+и#-#1#-#1+ам#-#1+и#-#1+ами#-#1+ах	2
114   1+е+2+ь#1+е+2+ь#1+2+и#1+2+я#1+2+ей#1+2+ю#1+2+ям#1+2+я#1+2+ей#1+2+ем#1+2+ями#1+2+е#1+2+ях	2
115   1+е+2+а#1+е+2+а#1+ё+2+ы#1+е+2+ы#1+ё+2#1+е+2+е#1+ё+2+ам#1+е+2+у#1+ё+2+ы#1+е+2+ой#1+ё+2+ами#1+е+2+е#1+ё+2+ах	2
116   1+е+2+а#1+е+2+а#1+ё+2+ы#1+е+2+ы#1+ё+2#1+е+2+е#1+ё+2+ам#1+е+2+у#1+ё+2#1+е+2+ой#1+ё+2+ами#1+е+2+е#1+ё+2+ах	2
117   1+е+2+а#1+е+2+а#1+е+2+ы#1+е+2+ы#1+ё+2#1+е+2+е#1+е+2+ам#1+е+2+у#1+е+2+ы#1+е+2+ой#1+е+2+ами#1+е+2+е#1+е+2+ах	2
118   1+е+2+3+а#1+е+2+3+а#1+ё+2+3+ы#1+е+2+3+ы#1+ё+2+е+3#1+е+2+3+е#1+ё+2+3+ам#1+е+2+3+у#1+ё+2+3+ы#1+е+2+3+ой#1+ё+2+3+ами#1+е+2+3+е#1+ё+2+3+ах	2
119   1+е+2+3+а#1+е+2+3+а#1+ё+2+3+ы#1+е+2+3+ы#1+е+2+ё+3#1+е+2+3+е#1+ё+2+3+ам#1+е+2+3+у#1+е+2+ё+3#1+е+2+3+ой#1+ё+2+3+ами#1+е+2+3+е#1+ё+2+3+ах	2
120   1+е#1+е#1+я#1+я#1+ей#1+ю#1+ям#1+е#1+я#1+ем#1+ями#1+е#1+ях	2
121   1+ая#1+ая#1+ые#1+ой#1+ых#1+ой#1+ым#1+ую#1+ых#1+ой#1+ыми#1+ой#1+ых	2
122   1+а#1+а#1+и#1+и#1+ей#1+е#1+ам#1+у#1+и#1+ой#1+ами#1+е#1+ах	2
123   1+а#1+а#1+и#1+и#1+ей#1+е#1+ам#1+у#1+ей#1+ей#1+ами#1+е#1+ах	2
124   1+2+я#1+2+я#1+2+и#1+2+и#1+е+2+ь#1+2+е#1+2+ям#1+2+ю#1+2+и#1+2+ёй#1+2+ями#1+2+е#1+2+ях	2
125   1+2+и#-#1+2+и#-#1+е+2#-#1+2+ам#-#1+е+2#-#1+2+ами#-#1+2+ах	2
126   1+2+е#1+2+е#1+2+а#1+2+а#1+е+2#1+2+у#1+2+ам#1+2+е#1+2+а#1+2+ем#1+2+ами#1+2+е#1+2+ах	2
127   1+2+а#1+2+а#1+2+ы#1+2+ы#1+о+2#1+2+е#1+2+ам#1+2+у#1+о+2#1+2+ой#1+2+ами#1+2+е#1+2+ах	2
128   1#1#1+ья#1+а#1+ьев#1+у#1+ьям#1+а#1+ьев#1+ом#1+ьями#1+е#1+ьях	2
129   1#1#1+ы#1+а#1+ев#1+у#1+ам#1+а#1+ев#1+ем#1+ами#1+е#1+ах	2
130   1#1#1+и#1+а#1+ей#1+у#1+ам#1+а#1+ей#1+ем#1+ами#1+е#1+ах	2
131   ёж#ёж#ежи#ежа#ежей#ежу#ежам#ежа#ежей#ежом#ежами#еже#ежах	1
132   человек#человек#люди#человека#людей#человеку#людям#человека#людей#человеком#людьми#человеке#людях	1
133   ребёночек#ребёночек#детки#ребёночка#деток#ребёночку#деткам#ребёночка#деток#ребёночком#детками#ребёночке#детках	1
134   ребёнок#ребёнок#дети#ребёнка#детей#ребёнку#детям#ребёнка#детей#ребёнком#детьми#ребёнке#детях	1
135   1+ё+2#1+ё+2#1+ь+2+ы#1+ь+2+а#1+ь+2+ов#1+ь+2+у#1+ь+2+ам#1+ё+2#1+ь+2+ы#1+ь+2+ом#1+ь+2+ами#1+ь+2+е#1+ь+2+ах	1
136   1+ё+2#1+ё+2#1+ь+2+и#1+ь+2+а#1+ь+2+ов#1+ь+2+у#1+ь+2+ам#1+ь+2+а#1+ь+2+ов#1+ь+2+ом#1+ь+2+ами#1+ь+2+е#1+ь+2+ах	1
137   1+ё+2#1+ё+2#1+й+2+ы#1+й+2+а#1+й+2+ов#1+й+2+у#1+йма+2#1+ё+2#1+й+2+ы#1+ймо+2#1+йма+2+и#1+й+2+е#1+й+2+ах	1
138   1+ё+2#1+ё+2#1+й+2+ы#1+й+2+а#1+й+2+ов#1+й+2+у#1+йма+2#1+ё+2#1+й+2+ы#1+ймо+2#1+й+2+ами#1+й+2+е#1+й+2+ах	1
139   1+ё+2#1+ё+2#1+й+2+ы#1+й+2+а#1+й+2+ов#1+й+2+у#1+йма+2#1+ё+2#1+й+2+ы#1+й+2+ом#1+йма+2+и#1+й+2+е#1+й+2+ах	1
140   1+ё+2#1+ё+2#1+й+2+ы#1+й+2+а#1+й+2+ов#1+й+2+у#1+йма+2#1+ё+2#1+й+2+ы#1+й+2+ом#1+й+2+ами#1+й+2+е#1+й+2+ах	1
141   1+ё+2#1+ё+2#1+й+2+ы#1+й+2+а#1+й+2+ов#1+й+2+у#1+й+2+ам#1+ё+2#1+й+2+ы#1+ймо+2#1+йма+2+и#1+й+2+е#1+й+2+ах	1
142   1+ё+2#1+ё+2#1+й+2+ы#1+й+2+а#1+й+2+ов#1+й+2+у#1+й+2+ам#1+ё+2#1+й+2+ы#1+ймо+2#1+й+2+ами#1+й+2+е#1+й+2+ах	1
143   1+ё+2#1+ё+2#1+й+2+ы#1+й+2+а#1+й+2+ов#1+й+2+у#1+й+2+ам#1+ё+2#1+й+2+ы#1+й+2+ом#1+йма+2+и#1+й+2+е#1+й+2+ах	1
144   1+ё+2#1+ё+2#1+й+2+ы#1+й+2+а#1+й+2+ов#1+й+2+у#1+й+2+ам#1+ё+2#1+й+2+ы#1+й+2+ом#1+й+2+ами#1+й+2+е#1+й+2+ах	1
145   1+ё+2#1+ё+2#1+й+2+и#1+й+2+а#1+й+2+ов#1+й+2+у#1+й+2+ам#1+ё+2#1+й+2+и#1+й+2+ом#1+й+2+ами#1+й+2+е#1+й+2+ах	1
146   1+ё+2#1+ё+2#1+е+2+ы#1+е+2+а#1+е+2+ов#1+е+2+у#1+е+2+ам#1+ё+2#1+е+2+ы#1+е+2+ом#1+е+2+ами#1+е+2+е#1+е+2+ах	1
147   1+ё+2#1+ё+2#1+е+2+и#1+ё+2+а#1+е+2+ей#1+ё+2+у#1+е+2+ям#1+ё+2+а#1+е+2+ей#1+ё+2+ом#1+е+2+ями#1+ё+2+е#1+е+2+ях	1
148   1+ё+2#1+ё+2#1+е+2+а#1+ё+2+а#1+е+2+ов#1+ё+2+у#1+е+2+ам#1+ё+2#1+е+2+а#1+ё+2+ом#1+е+2+ами#1+ё+2+е#1+е+2+ах	1
149   1+ё#1+ё#1+я#1+я#1+ёв#1+ю#1+ям#1+ё#1+я#1+ём#1+ями#1+е#1+ях	1
150   1+я+2#1+я+2#1+й+2+ы#1+й+2+а#1+й+2+ев#1+й+2+у#1+й+2+ам#1+й+2+а#1+й+2+ев#1+й+2+ем#1+й+2+ами#1+й+2+е#1+й+2+ах	1
151   1+я#1+я#1+ёна#1+ени#1+ён#1+ени#1+ёнам#1+я#1+ёна#1+енем#1+ёнами#1+ени#1+ёнах	1
152   1+я#1+я#1+и#1+и#1+я#1+е#1+ям#1+ю#1+я#1+ей#1+ями#1+е#1+ях	1
153   1+я#1+я#1+и#1+и#1+ь#1+е#1+ям#1+ю#1+и#1+ёй#1+ями#1+е#1+ях	1
154   1+я#1+я#1+и#1+и#1+й#1+е#1+ям#1+ю#1+й#1+ёй#1+ями#1+е#1+ях	1
155   1+я#1+я#1+и#1+и#1+ей#1+е#1+ям#1+ю#1+и#1+ей#1+ями#1+е#1+ях	1
156   1+я#1+я#1+и#1+и#1+ей#1+е#1+ям#1+ю#1+ей#1+ей#1+ями#1+е#1+ях	1
157   1+я#1+я#1+и#1+и#-#1+е#1+ям#1+ю#-#1+ей#1+ями#1+е#1+ях	1
158   1+я#1+я#1+ена#1+ени#1+ян#1+ени#1+енам#1+я#1+ена#1+енем#1+енами#1+ени#1+енах	1
159   1+ьё#1+ьё#1+ья#1+ья#1+ий#1+ью#1+ьям#1+ьё#1+ья#1+ьём#1+ьями#1+ье#1+ьях	1
160   1+ья#1+ья#1+ьи#1+ьи#1+ий#1+ье#1+ьям#1+ью#1+ий#1+ьей#1+ьями#1+ье#1+ьях	1
161   1+ь+2+о#1+ь+2+о#1+ь+2+а#1+ь+2+а#1+е+2#1+ь+2+у#1+ьма+2#1+ь+2+о#1+ь+2+а#1+ьмо+2#1+ьма+2+и#1+ь+2+е#1+ь+2+ах	1
162   1+ь+2+о#1+ь+2+о#1+ь+2+а#1+ь+2+а#1+е+2#1+ь+2+у#1+ьма+2#1+ь+2+о#1+ь+2+а#1+ьмо+2#1+ь+2+ами#1+ь+2+е#1+ь+2+ах	1
163   1+ь+2+о#1+ь+2+о#1+ь+2+а#1+ь+2+а#1+е+2#1+ь+2+у#1+ьма+2#1+ь+2+о#1+ь+2+а#1+ь+2+ом#1+ьма+2+и#1+ь+2+е#1+ь+2+ах	1
164   1+ь+2+о#1+ь+2+о#1+ь+2+а#1+ь+2+а#1+е+2#1+ь+2+у#1+ьма+2#1+ь+2+о#1+ь+2+а#1+ь+2+ом#1+ь+2+ами#1+ь+2+е#1+ь+2+ах	1
165   1+ь+2+о#1+ь+2+о#1+ь+2+а#1+ь+2+а#1+е+2#1+ь+2+у#1+ь+2+ам#1+ь+2+о#1+ь+2+а#1+ьмо+2#1+ьма+2+и#1+ь+2+е#1+ь+2+ах	1
166   1+ь+2+о#1+ь+2+о#1+ь+2+а#1+ь+2+а#1+е+2#1+ь+2+у#1+ь+2+ам#1+ь+2+о#1+ь+2+а#1+ьмо+2#1+ь+2+ами#1+ь+2+е#1+ь+2+ах	1
167   1+ь+2+о#1+ь+2+о#1+ь+2+а#1+ь+2+а#1+е+2#1+ь+2+у#1+ь+2+ам#1+ь+2+о#1+ь+2+а#1+ь+2+ом#1+ьма+2+и#1+ь+2+е#1+ь+2+ах	1
168   1+ь+2+а#1+ь+2+а#1+ь+2+ы#1+ь+2+ы#1+е+2#1+ь+2+е#1+ьма+2#1+ь+2+у#1+ь+2+ы#1+ь+2+ой#1+ьма+2+и#1+ь+2+е#1+ь+2+ах	1
169   1+ь+2+а#1+ь+2+а#1+ь+2+ы#1+ь+2+ы#1+е+2#1+ь+2+е#1+ьма+2#1+ь+2+у#1+ь+2+ы#1+ь+2+ой#1+ь+2+ами#1+ь+2+е#1+ь+2+ах	1
170   1+ь+2+а#1+ь+2+а#1+ь+2+ы#1+ь+2+ы#1+е+2#1+ь+2+е#1+ь+2+ам#1+ь+2+у#1+ь+2+ы#1+ь+2+ой#1+ьма+2+и#1+ь+2+е#1+ь+2+ах	1
171   1+ь#1+ь#1+я#1+я#1+ей#1+ю#1+ям#1+я#1+ей#1+ем#1+ями#1+е#1+ях	1
172   1+ь#1+ь#1+ья#1+я#1+ьёв#1+ю#1+ьям#1+я#1+ьёв#1+ем#1+ьями#1+е#1+ьях	1
173   1+ь#1+ь#1+ья#1+я#1+ей#1+ю#1+ьям#1+я#1+ей#1+ем#1+ьями#1+е#1+ьях	1
174   1+ь#1+ь#1+и#1+и#1+ей#1+и#1+ям#1+ь#1+и#1+ём#1+ями#1+и#1+ях	1
175   1+ь#1+ь#-#1+я#-#1+ю#-#1+ь#-#1+ем#-#1+е#-	1
176   1+ь#1+ь#-#1+а#-#1+у#-#1+а#-#1+ом#-#1+е#-	1
177   1+хо#1+хо#1+ши#1+ха#1+шей#1+ху#1+шам#1+хо#1+ши#1+хом#1+шами#1+хе#1+шах	1
178   1+онок#1+онок#1+ата#1+онка#1+ат#1+онку#1+атам#1+онка#1+ат#1+онком#1+атами#1+онке#1+атах	1
179   1+о+2+ь#1+о+2+ь#1+2+и#1+2+я#1+2+ей#1+2+ю#1+2+ям#1+о+2+ь#1+2+и#1+2+ём#1+2+ями#1+2+е#1+2+ях	1
180   1+о+2+ь#1+о+2+ь#1+2+и#1+2+я#1+2+ей#1+2+ю#1+2+ям#1+2+я#1+2+ей#1+2+ем#1+2+ями#1+2+е#1+2+ях	1
181   1+о+2+ь#1+о+2+ь#1+2+и#1+2+и#1+2+ей#1+2+и#1+2+ам#1+о+2+ь#1+2+и#1+о+2+ью#1+2+ами#1+2+и#1+2+ах	1
182   1+о+2#1+о+2#1+2+ы#1+2+а#1+2+ов#1+2+у#1+2+ам#1+2+а#1+2+ов#1+2+ом#1+2+ами#1+2+е#1+2+ах	1
183   1+о+2#1+о+2#1+2+и#1+2+а#1+о+2#1+2+у#1+2+ам#1+2+а#1+о+2#1+2+ом#1+2+ами#1+2+е#1+2+ах	1
184   1+о#1+о#1+и#1+а#1+ей#1+у#1+ям#1+о#1+и#1+ом#1+ями#1+е#1+ях	1
185   1+о#1+о#1+а#1+а#1+ов#1+у#1+ам#1+о#1+а#1+ом#1+ами#1+е#1+ах	1
186   1+но#1+но#1+а#1+на#1+ов#1+ну#1+ам#1+но#1+а#1+ном#1+ами#1+не#1+ах	1
187   1+ко#1+ко#1+чи#1+ка#1+чей#1+ку#1+чам#1+ко#1+чи#1+ком#1+чами#1+ке#1+чах	1
188   1+к#1+к#1+чья#1+ка#1+чьев#1+ку#1+чьям#1+к#1+чья#1+ком#1+чьями#1+ке#1+чьях	1
189   1+й+2+о#1+й+2+о#1+й+2+а#1+й+2+а#1+и+2#1+й+2+у#1+й+2+ам#1+й+2+о#1+й+2+а#1+й+2+ом#1+й+2+ами#1+й+2+е#1+й+2+ах	1
190   1+й+2+а#1+й+2+а#1+й+2+и#1+й+2+и#1+ё+2#1+й+2+е#1+й+2+ам#1+й+2+у#1+й+2+и#1+й+2+ой#1+й+2+ами#1+й+2+е#1+й+2+ах	1
191   1+й#1+й#1+я#1+я#1+ёв#1+ю#1+ям#1+й#1+я#1+ем#1+ями#1+е#1+ях	1
192   1+й#1+й#1+и#1+я#1+ев#1+ю#1+ям#1+я#1+ев#1+ем#1+ями#1+и#1+ях	1
193   1+ица#1+ица#1+ы#1+ицы#1#1+ице#1+ам#1+ицу#1#1+ицей#1+ами#1+ице#1+ах	1
194   1+ин#1+ин#1+ы#1+ина#1#1+ину#1+ам#1+ина#1#1+ином#1+ами#1+ине#1+ах	1
195   1+ин#1+ин#1+ева#1+ина#1+ев#1+ину#1+евам#1+ина#1+ев#1+ином#1+евами#1+ине#1+евах	1
196   1+ин#1+ин#1+а#1+ина#1#1+ину#1+ам#1+ина#1#1+ином#1+ами#1+ине#1+ах	1
197   1+ий#1+ий#1+ие#1+ого#1+их#1+ому#1+им#1+ого#1+их#1+им#1+ими#1+ом#1+их	1
198   1+и+2+я#1+и+2+я#1+е+2+и#1+итя+2+и#1+е+2+ей#1+итя+2+и#1+е+2+ям#1+и+2+я#1+е+2+ей#1+итя+2+ей#1+е+2+ьми#1+итя+2+и#1+е+2+ях	1
199   1+и+2+я#1+и+2+я#1+е+2+и#1+итя+2+и#1+е+2+ей#1+итя+2+и#1+е+2+ям#1+и+2+я#1+е+2+ей#1+и+2+ятей#1+е+2+ьми#1+итя+2+и#1+е+2+ях	1
200   1+и+2+я#1+и+2+я#1+е+2+и#1+и+2+яти#1+е+2+ей#1+и+2+яти#1+е+2+ям#1+и+2+я#1+е+2+ей#1+итя+2+ей#1+е+2+ьми#1+и+2+яти#1+е+2+ях	1
201   1+и+2+я#1+и+2+я#1+е+2+и#1+и+2+яти#1+е+2+ей#1+и+2+яти#1+е+2+ям#1+и+2+я#1+е+2+ей#1+и+2+ятей#1+е+2+ьми#1+и+2+яти#1+е+2+ях	1
202   1+и#-#1+и#-#1+ев#-#1+ям#-#1+и#-#1+ями#-#1+ях	1
203   1+ей#1+ей#1+ьи#1+ья#1+ьёв#1+ью#1+ьям#1+ей#1+ьи#1+ьём#1+ьями#1+ье#1+ьях	1
204   1+е+2+а#1+е+2+а#1+ё+2+ы#1+е+2+ы#1+ё+2#1+е+2+е#1+е+2+ам#1+е+2+у#1+ё+2+ы#1+е+2+ой#1+е+2+ами#1+е+2+е#1+е+2+ах	1
205   1+е+2+а#1+е+2+а#1+ё+2+и#1+е+2+и#1+ё+2#1+е+2+е#1+е+2+ам#1+ё+2+у#1+ё+2+и#1+е+2+ой#1+е+2+ами#1+е+2+е#1+е+2+ах	1
206   1+е+2+3+о#1+е+2+3+о#1+ё+2+3+а#1+е+2+3+а#1+ё+2+о+3#1+е+2+3+у#1+ё+2+3+ам#1+е+2+3+о#1+ё+2+3+а#1+е+2+3+ом#1+ё+2+3+ами#1+е+2+3+е#1+ё+2+3+ах	1
207   1+е+2#1+е+2#1+ь+2+ы#1+ь+2+а#1+ьво+2#1+ь+2+у#1+ь+2+ам#1+ь+2+а#1+ьво+2#1+ь+2+ом#1+ь+2+ами#1+ь+2+е#1+ь+2+ах	1
208   1+е+2#1+е+2#1+ь+2+ы#1+ь+2+а#1+ь+2+ов#1+ь+2+у#1+ь+2+ам#1+ь+2+а#1+ь+2+ов#1+ь+2+ом#1+ь+2+ами#1+ь+2+е#1+ь+2+ах	1
209   1+е+2#1+е+2#1+ь+2+ы#1+ь+2+а#1+ь+2+ов#1+ь+2+у#1+ь+2+ам#1+е+2#1+ь+2+ы#1+ь+2+ом#1+ь+2+ами#1+ь+2+е#1+ь+2+ах	1
210   1+е+2#1+е+2#1+ь+2+ы#1+ь+2+а#1+ь+2+ев#1+ь+2+у#1+ь+2+ам#1+е+2#1+ь+2+ы#1+ь+2+ем#1+ь+2+ами#1+ь+2+е#1+ь+2+ах	1
211   1+е+2#1+е+2#1+й+2+ы#1+й+2+а#1+й+2+ов#1+й+2+у#1+й+2+ам#1+й+2+а#1+й+2+ов#1+й+2+ом#1+й+2+ами#1+й+2+е#1+й+2+ах	1
212   1+е+2#1+е+2#1+2+и#1+2+а#1+2+ов#1+2+у#1+2+ам#1+2+а#1+2+ов#1+2+ом#1+2+ами#1+2+е#1+2+ах	1
213   1+е#1+е#1+я#1+я#1+ь#1+ю#1+ям#1+е#1+я#1+ем#1+ями#1+е#1+ях	1
214   1+е#1+е#1+я#1+я#1+ев#1+ю#1+ям#1+е#1+я#1+ем#1+ями#1+е#1+ях	1
215   1+е#1+е#1+а#1+а#1#1+у#1+ам#1+е#1#1+ем#1+ами#1+е#1+ах	1
216   1+е#-#1+е#-#1+х#-#1+м#-#1+е#-#1+ми#-#1+х	1
217   1+г#1+г#1+зья#1+га#1+зей#1+гу#1+зьям#1+га#1+зей#1+гом#1+зьями#1+ге#1+зьях	1
218   1+ая#1+ая#1+ие#1+ой#1+их#1+ой#1+им#1+ую#1+ие#1+ой#1+их#1+ой#1+ими	1
219   1+ая#1+ая#1+ие#1+ой#1+их#1+ой#1+им#1+ую#1+ие#1+ой#1+ими#1+ой#1+их	1
220   1+ая#1+ая#1+ие#1+ей#1+их#1+ей#1+им#1+ую#1+ие#1+ей#1+ими#1+ей#1+их	1
221   1+а+2+я#1+а+2+я#1+о+2+и#1+а+2+и#1+о+2+ь#1+а+2+е#1+о+2+ям#1+а+2+ю#1+о+2+и#1+а+2+ёй#1+о+2+ями#1+а+2+е#1+о+2+ях	1
222   1+а#1+а#1+ы#1+ы#-#1+е#1+ам#1+у#1+ы#1+ой#1+ами#1+е#1+ах	1
223   1+а#1+а#1+и#1+и#1#1+е#1+ам#1+у#1+и#1+ью#1+ами#1+е#1+ах	1
224   1+а#1+а#-#1+ы#-#1+е#-#1+у#-#1+ой#-#1+е#-	1
225   1+а#-#1+а#-#1#-#1+ам#-#1#-#1+ами#-#1+ах	1
226   1+2+я#1+2+я#1+2+и#1+2+и#1+о+2+ь#1+2+е#1+2+ям#1+2+ю#1+2+и#1+2+ей#1+2+ями#1+2+е#1+2+ях	1
227   1+2+я#1+2+я#1+2+и#1+2+и#1+е+2+ь#1+2+е#1+2+ям#1+2+ю#1+е+2+ь#1+2+ей#1+2+ями#1+2+е#1+2+ях	1
228   1+2+а#1+2+а#1+2+ы#1+2+ы#1+о+2#1+2+е#1+2+ам#1+2+у#1+2+ы#1+2+ой#1+2+ами#1+2+е#1+2+ах	1
229   1+2+а#1+2+а#1+2+ы#1+2+ы#1+е+2#1+2+е#1+2+ам#1+2+у#1+е+2#1+2+ой#1+2+ами#1+2+е#1+2+ах	1
230   1+2+а#1+2+а#1+2+ы#1+2+ы#1+е+2#1+2+е#1+2+ам#1+2+у#1+2+ы#1+2+ой#1+2+ами#1+2+е#1+2+ах	1
231   1+2+а#1+2+а#1+2+ы#1+2+ы#1+е+2#1+2+е#1+2+ам#1+2+у#1+2+ы#1+2+ей#1+2+ами#1+2+е#1+2+ах	1
232   1#1#1+ья#1+а#1+ей#1+у#1+ьям#1+а#1+ей#1+ем#1+ьями#1+е#1+ьях	1
233   1#1#1+овья#1+а#1+овей#1+у#1+овьям#1+а#1+овей#1+ом#1+овьями#1+е#1+овьях	1
234   1#1#1+и#1+а#1+ей#1+у#1+ям#1+а#1+ей#1+ом#1+ями#1+е#1+ях	1
235   1#1#1+е#1+а#1#1+у#1+ам#1+а#1#1+ом#1+ами#1+е#1+ах	1
236   1#1#1+а#1+а#1+ей#1+у#1+ам#1+а#1+ей#1+ем#1+ами#1+е#1+ах	1
237   1#1#1+а#1+а#1#1+у#1+ам#1#1+а#1+ом#1+ами#1+е#1+ах	1
238   1#1#-#1+а#-#1+у#-#1#-#1+ом#-#1+е#-	1
