0     1#1#1+ы#1+а#1+ов#1+у#1+ам#1#1+ы#1+ом#1+ами#1+е#1+ах	960
1     1+е#1+е#1+я#1+я#1+й#1+ю#1+ям#1+е#1+я#1+ем#1+ями#1+и#1+ях	622
2     1+а#1+а#1+ы#1+ы#1#1+е#1+ам#1+у#1+ы#1+ою#1+ами#1+е#1+ах	445
3     1+а#1+а#1+ы#1+ы#1#1+е#1+ам#1+у#1+ы#1+ой#1+ами#1+е#1+ах	444
4     1+ь#1+ь#1+и#1+и#1+ей#1+и#1+ям#1+ь#1+и#1+ью#1+ями#1+и#1+ях	330
5     1+я#1+я#1+и#1+и#1+й#1+и#1+ям#1+ю#1+и#1+ею#1+ями#1+и#1+ях	270
6     1+я#1+я#1+и#1+и#1+й#1+и#1+ям#1+ю#1+и#1+ей#1+ями#1+и#1+ях	270
7     1#1#1+ы#1+а#1+ов#1+у#1+ам#1+а#1+ов#1+ом#1+ами#1+е#1+ах	249
8     1+2+а#1+2+а#1+2+и#1+2+и#1+о+2#1+2+е#1+2+ам#1+2+у#1+2+и#1+2+ою#1+2+ами#1+2+е#1+2+ах	239
9     1+2+а#1+2+а#1+2+и#1+2+и#1+о+2#1+2+е#1+2+ам#1+2+у#1+2+и#1+2+ой#1+2+ами#1+2+е#1+2+ах	239
10    1#1#1+и#1+а#1+ов#1+у#1+ам#1#1+и#1+ом#1+ами#1+е#1+ах	222
11    1#1#1+и#1+а#1+ов#1+у#1+ам#1+а#1+ов#1+ом#1+ами#1+е#1+ах	174
12    1+о#1+о#1+а#1+а#1#1+у#1+ам#1+о#1+а#1+ом#1+ами#1+е#1+ах	145
13    1+а#1+а#1+и#1+и#1#1+е#1+ам#1+у#1+и#1+ою#1+ами#1+е#1+ах	98
14    1+а#1+а#1+и#1+и#1#1+е#1+ам#1+у#1+и#1+ой#1+ами#1+е#1+ах	98
15    1+о+2#1+о+2#1+2+и#1+2+а#1+2+ов#1+2+у#1+2+ам#1+о+2#1+2+и#1+2+ом#1+2+ами#1+2+е#1+2+ах	97
16    1+2+а#1+2+а#1+2+и#1+2+и#1+е+2#1+2+е#1+2+ам#1+2+у#1+2+и#1+2+ою#1+2+ами#1+2+е#1+2+ах	92
17    1+2+а#1+2+а#1+2+и#1+2+и#1+е+2#1+2+е#1+2+ам#1+2+у#1+2+и#1+2+ой#1+2+ами#1+2+е#1+2+ах	92
18    1+ь#1+ь#1+и#1+я#1+ей#1+ю#1+ям#1+я#1+ей#1+ем#1+ями#1+е#1+ях	74
19    1#1#1+а#1+а#1+ов#1+у#1+ам#1#1+а#1+ом#1+ами#1+е#1+ах	47
20    1+а#1+а#1+ы#1+ы#1#1+е#1+ам#1+у#1#1+ою#1+ами#1+е#1+ах	37
21    1+а#1+а#1+ы#1+ы#1#1+е#1+ам#1+у#1#1+ой#1+ами#1+е#1+ах	37
22    1+а#1+а#1+и#1+и#1#1+е#1+ам#1+у#1+и#1+ею#1+ами#1+е#1+ах	37
23    1+а#1+а#1+и#1+и#1#1+е#1+ам#1+у#1+и#1+ей#1+ами#1+е#1+ах	37
24    1+ь#1+ь#1+и#1+я#1+ей#1+ю#1+ям#1+ь#1+и#1+ем#1+ями#1+е#1+ях	34
25    1#1#1#1#1#1#1#1#1#1#1#1#1	32
26    1+а#1+а#1+ы#1+ы#1#1+е#1+ам#1+у#1+ы#1+ею#1+ами#1+е#1+ах	26
27    1+а#1+а#1+ы#1+ы#1#1+е#1+ам#1+у#1+ы#1+ей#1+ами#1+е#1+ах	26
28    1+ь#1+ь#1+и#1+я#1+ей#1+ю#1+ям#1+ь#1+и#1+ём#1+ями#1+е#1+ях	23
29    1+е+2#1+е+2#1+2+ы#1+2+а#1+2+ев#1+2+у#1+2+ам#1+2+а#1+2+ев#1+2+ем#1+2+ами#1+2+е#1+2+ах	23
30    1+2+а#1+2+а#1+2+и#1+2+и#1+е+2#1+2+е#1+2+ам#1+2+у#1+е+2#1+2+ою#1+2+ами#1+2+е#1+2+ах	23
31    1+2+а#1+2+а#1+2+и#1+2+и#1+е+2#1+2+е#1+2+ам#1+2+у#1+е+2#1+2+ой#1+2+ами#1+2+е#1+2+ах	23
32    1+й#1+й#1+и#1+я#1+ев#1+ю#1+ям#1+й#1+и#1+ем#1+ями#1+е#1+ях	21
33    1+а#1+а#1+ы#1+ы#1#1+е#1+ам#1+у#1#1+ею#1+ами#1+е#1+ах	21
34    1+ье#1+ье#1+ья#1+ья#1+ий#1+ью#1+ьям#1+ье#1+ья#1+ьем#1+ьями#1+ье#1+ьях	20
35    1+а#1+а#1+ы#1+ы#1#1+е#1+ам#1+у#1#1+ей#1+ами#1+е#1+ах	20
36    1+2+а#1+2+а#1+2+и#1+2+и#1+о+2#1+2+е#1+2+ам#1+2+у#1+о+2#1+2+ою#1+2+ами#1+2+е#1+2+ах	20
37    1+2+а#1+2+а#1+2+и#1+2+и#1+о+2#1+2+е#1+2+ам#1+2+у#1+о+2#1+2+ой#1+2+ами#1+2+е#1+2+ах	20
38    1#1#1+и#1+а#1+ей#1+у#1+ам#1#1+и#1+ем#1+ами#1+е#1+ах	20
39    1#1#1+и#1+а#1+ей#1+у#1+ам#1#1+и#1+ом#1+ами#1+е#1+ах	19
40    1+й+2+а#1+й+2+а#1+й+2+и#1+й+2+и#1+е+2#1+й+2+е#1+й+2+ам#1+й+2+у#1+й+2+и#1+й+2+ою#1+й+2+ами#1+й+2+е#1+й+2+ах	17
41    1+й+2+а#1+й+2+а#1+й+2+и#1+й+2+и#1+е+2#1+й+2+е#1+й+2+ам#1+й+2+у#1+й+2+и#1+й+2+ой#1+й+2+ами#1+й+2+е#1+й+2+ах	17
42    1+ин#1+ин#1+е#1+ина#1#1+ину#1+ам#1+ина#1#1+ином#1+ами#1+ине#1+ах	15
43    1+ь#1+ь#1+и#1+и#1+ей#1+и#1+ам#1+ь#1+и#1+ью#1+ами#1+и#1+ах	14
44    1+а#1+а#1+и#1+и#1#1+е#1+ам#1+у#1#1+ою#1+ами#1+е#1+ах	14
45    1+а#1+а#1+и#1+и#1#1+е#1+ам#1+у#1#1+ой#1+ами#1+е#1+ах	14
46    1+о+2#1+о+2#1+2+и#1+2+а#1+2+ов#1+2+у#1+2+ам#1+2+а#1+2+ов#1+2+ом#1+2+ами#1+2+е#1+2+ах	13
47    1+я#1+я#1+и#1+и#1+ь#1+е#1+ям#1+ю#1+и#1+ею#1+ями#1+е#1+ях	12
48    1+я#1+я#1+и#1+и#1+ь#1+е#1+ям#1+ю#1+и#1+ей#1+ями#1+е#1+ях	12
49    1+ы#-#1+ы#-#1+ов#-#1+ам#-#1+ы#-#1+ами#-#1+ах	12
50    1+е+2+ь#1+е+2+ь#1+2+и#1+2+я#1+2+ей#1+2+ю#1+2+ям#1+е+2+ь#1+2+и#1+2+ем#1+2+ями#1+2+е#1+2+ях	12
51    1+е+2#1+е+2#1+2+ы#1+2+а#1+2+ов#1+2+у#1+2+ам#1+е+2#1+2+ы#1+2+ом#1+2+ами#1+2+е#1+2+ах	12
52    1+е#1+е#1+а#1+а#1#1+у#1+ам#1+е#1+а#1+ем#1+ами#1+е#1+ах	12
53    1+е+2#1+е+2#1+2+ы#1+2+а#1+2+ов#1+2+у#1+2+ам#1+2+а#1+2+ов#1+2+ом#1+2+ами#1+2+е#1+2+ах	10
54    1+ая#1+ая#1+ые#1+ой#1+ых#1+ой#1+ым#1+ую#1+ые#1+ою#1+ыми#1+ой#1+ых	10
55    1+ая#1+ая#1+ые#1+ой#1+ых#1+ой#1+ым#1+ую#1+ые#1+ой#1+ыми#1+ой#1+ых	10
56    1+я#1+я#1+и#1+и#1+й#1+е#1+ям#1+ю#1+и#1+ею#1+ями#1+е#1+ях	8
57    1+я#1+я#1+и#1+и#1+й#1+е#1+ям#1+ю#1+и#1+ей#1+ями#1+е#1+ях	8
58    1+ь#1+ь#1+и#1+я#1+ей#1+ю#1+ям#1+я#1+ей#1+ём#1+ями#1+е#1+ях	8
59    1+ое#1+ое#1+ые#1+ого#1+ых#1+ому#1+ым#1+ое#1+ые#1+ым#1+ыми#1+ом#1+ых	8
60    1+о+2#1+о+2#1+2+ы#1+2+а#1+2+ов#1+2+у#1+2+ам#1+о+2#1+2+ы#1+2+ом#1+2+ами#1+2+е#1+2+ах	8
61    1+й#1+й#1+и#1+я#1+ев#1+ю#1+ям#1+я#1+ев#1+ем#1+ями#1+е#1+ях	8
62    1+е+2+3+о#1+е+2+3+о#1+ё+2+3+а#1+е+2+3+а#1+ё+2+е+3#1+е+2+3+у#1+ё+2+3+ам#1+е+2+3+о#1+ё+2+3+а#1+е+2+3+ом#1+ё+2+3+ами#1+е+2+3+е#1+ё+2+3+ах	8
63    1+2+я#1+2+я#1+2+и#1+2+и#1+е+2#1+2+е#1+2+ям#1+2+ю#1+2+и#1+2+ею#1+2+ями#1+2+е#1+2+ях	8
64    1+2+я#1+2+я#1+2+и#1+2+и#1+е+2#1+2+е#1+2+ям#1+2+ю#1+2+и#1+2+ей#1+2+ями#1+2+е#1+2+ях	8
65    1+2+о#1+2+о#1+2+а#1+2+а#1+е+2#1+2+у#1+2+ам#1+2+о#1+2+а#1+2+ом#1+2+ами#1+2+е#1+2+ах	8
66    1#1#1+и#1+а#1+ей#1+у#1+ам#1+а#1+ей#1+ом#1+ами#1+е#1+ах	8
67    1+ы#-#1+ы#-#1#-#1+ам#-#1+ы#-#1+ами#-#1+ах	7
68    1+2+о#1+2+о#1+2+и#1+2+а#1+е+2#1+2+у#1+2+ам#1+2+о#1+2+и#1+2+ом#1+2+ами#1+2+е#1+2+ах	7
69    1#1#1+ья#1+а#1+ьев#1+у#1+ьям#1#1+ья#1+ом#1+ьями#1+е#1+ьях	7
70    1+я#1+я#1+и#1+и#1+ь#1+е#1+ям#1+ю#1+ь#1+ею#1+ями#1+е#1+ях	6
71    1+я#1+я#1+и#1+и#1+ь#1+е#1+ям#1+ю#1+ь#1+ей#1+ями#1+е#1+ях	6
72    1+я#1+я#1+и#1+и#1+ей#1+е#1+ям#1+ю#1+и#1+ёю#1+ями#1+е#1+ях	6
73    1+я#1+я#1+и#1+и#1+ей#1+е#1+ям#1+ю#1+и#1+ёй#1+ями#1+е#1+ях	6
74    1+ьё#1+ьё#1+ья#1+ья#1+ей#1+ью#1+ьям#1+ьё#1+ья#1+ьём#1+ьями#1+ье#1+ьях	6
75    1+ь#1+ь#1+и#1+и#1+ей#1+и#1+ям#1+ь#1+ей#1+ью#1+ями#1+и#1+ях	6
76    1+й#1+й#1+и#1+я#1+ёв#1+ю#1+ям#1+й#1+и#1+ем#1+ями#1+е#1+ях	6
77    1+е+2#1+е+2#1+2+и#1+2+а#1+2+ов#1+2+у#1+2+ам#1+е+2#1+2+и#1+2+ом#1+2+ами#1+2+е#1+2+ах	6
78    1+а#-#1+а#-#1#-#1+ам#-#1+а#-#1+ами#-#1+ах	6
79    1+2+я#1+2+я#1+2+и#1+2+и#1+е+2+ь#1+2+е#1+2+ям#1+2+ю#1+2+и#1+2+ею#1+2+ями#1+2+е#1+2+ях	6
80    1+2+я#1+2+я#1+2+и#1+2+и#1+е+2+ь#1+2+е#1+2+ям#1+2+ю#1+2+и#1+2+ей#1+2+ями#1+2+е#1+2+ях	6
81    1#1#1+ы#1+а#1#1+у#1+ам#1#1+ы#1+ом#1+ами#1+е#1+ах	6
82    1+ё+2#1+ё+2#1+ь+2+и#1+ь+2+а#1+ь+2+ов#1+ь+2+у#1+ь+2+ам#1+ё+2#1+ь+2+и#1+ь+2+ом#1+ь+2+ами#1+ь+2+е#1+ь+2+ах	5
83    1+я#1+я#1+ена#1+ени#1+ён#1+ени#1+енам#1+я#1+ена#1+енем#1+енами#1+ени#1+енах	5
84    1+о#1+о#1+и#1+а#1#1+у#1+ам#1+о#1+и#1+ом#1+ами#1+е#1+ах	5
85    1+й#1+й#1+и#1+я#1+ев#1+ю#1+ям#1+й#1+и#1+ем#1+ями#1+и#1+ях	5
86    1+ий#1+ий#1+ие#1+его#1+их#1+ему#1+им#1+его#1+их#1+им#1+ими#1+ем#1+их	5
87    1+е+2+о#1+е+2+о#1+ё+2+а#1+е+2+а#1+ё+2#1+е+2+у#1+ё+2+ам#1+е+2+о#1+ё+2+а#1+е+2+ом#1+ё+2+ами#1+е+2+е#1+ё+2+ах	5
88    1+2+о#1+2+о#1+2+а#1+2+а#1+о+2#1+2+у#1+2+ам#1+2+о#1+2+а#1+2+ом#1+2+ами#1+2+е#1+2+ах	5
89    1+2+и#-#1+2+и#-#1+о+2#-#1+2+ам#-#1+2+и#-#1+2+ами#-#1+2+ах	5
90    1#1#1+а#1+а#1+ов#1+у#1+ам#1+а#1+ов#1+ом#1+ами#1+е#1+ах	5
91    1+ёнок#1+ёнок#1+ята#1+ёнка#1+ят#1+ёнку#1+ятам#1+ёнка#1+ят#1+ёнком#1+ятами#1+ёнке#1+ятах	4
92    1+ь+2+а#1+ь+2+а#1+ь+2+ы#1+ь+2+ы#1+е+2#1+ь+2+е#1+ь+2+ам#1+ь+2+у#1+ь+2+ы#1+ь+2+ой#1+ь+2+ами#1+ь+2+е#1+ь+2+ах	4
93    1+ь#1+ь#1+и#1+и#1+ей#1+и#1+ям#1+ь#1+ей#1+ию#1+ями#1+и#1+ях	4
94    1+ый#1+ый#1+ые#1+ого#1+ых#1+ому#1+ым#1+ого#1+ых#1+ым#1+ыми#1+ом#1+ых	4
95    1+ое#1+ое#1+ые#1+ого#1+ых#1+ому#1+ым#1+ое#1+ых#1+ым#1+ыми#1+ом#1+ых	4
96    1+о+2+ь#1+о+2+ь#1+2+и#1+2+я#1+2+ей#1+2+ю#1+2+ям#1+о+2+ь#1+2+и#1+2+ем#1+2+ями#1+2+е#1+2+ях	4
97    1+о#1+о#1+ья#1+а#1+ьев#1+у#1+ьям#1+о#1+ья#1+ом#1+ьями#1+е#1+ьях	4
98    1+ее#1+ее#1+ие#1+его#1+их#1+ему#1+им#1+ее#1+ие#1+им#1+ими#1+ем#1+их	4
99    1+е+2#1+е+2#1+ь+2+ы#1+ь+2+а#1+ь+2+ев#1+ь+2+у#1+ь+2+ам#1+ь+2+а#1+ь+2+ев#1+ь+2+ем#1+ь+2+ами#1+ь+2+е#1+ь+2+ах	4
100   1+е+2#1+е+2#1+й+2+ы#1+й+2+а#1+й+2+ев#1+й+2+у#1+й+2+ам#1+й+2+а#1+й+2+ев#1+й+2+ем#1+й+2+ами#1+й+2+е#1+й+2+ах	4
101   1+е+2#1+е+2#1+2+ы#1+2+а#1+2+ев#1+2+у#1+2+ам#1+е+2#1+2+ы#1+2+ем#1+2+ами#1+2+е#1+2+ах	4
102   1+ё+2#1+ё+2#1+е+2+и#1+е+2+а#1+е+2+ей#1+е+2+у#1+е+2+ам#1+ё+2#1+е+2+и#1+е+2+ом#1+е+2+ами#1+е+2+е#1+е+2+ах	3
103   1+ё+2#1+ё+2#1+2+ы#1+2+а#1+2+ов#1+2+у#1+2+ам#1+ё+2#1+2+ы#1+2+ом#1+2+ами#1+2+е#1+2+ах	3
104   1+ья#1+ья#1+ьи#1+ьи#1+ей#1+ье#1+ьям#1+ью#1+ьи#1+ьёю#1+ьями#1+ье#1+ьях	3
105   1+ья#1+ья#1+ьи#1+ьи#1+ей#1+ье#1+ьям#1+ью#1+ьи#1+ьёй#1+ьями#1+ье#1+ьях	3
106   1+ь+2+о#1+ь+2+о#1+ь+2+а#1+ь+2+а#1+е+2#1+ь+2+у#1+ь+2+ам#1+ь+2+о#1+ь+2+а#1+ь+2+ом#1+ь+2+ами#1+ь+2+е#1+ь+2+ах	3
107   1+ь+2+а#1+ь+2+а#1+ь+2+ы#1+ь+2+ы#1+е+2#1+ь+2+е#1+ь+2+ам#1+ь+2+у#1+ь+2+ы#1+ь+2+ою#1+ь+2+ами#1+ь+2+е#1+ь+2+ах	3
108   1+ь#1+ь#1+я#1+я#1+ей#1+ю#1+ям#1+ь#1+я#1+ем#1+ями#1+е#1+ях	3
109   1+о+2#1+о+2#1+2+и#1+2+а#1+о+2#1+2+у#1+2+ам#1+о+2#1+2+и#1+2+ом#1+2+ами#1+2+е#1+2+ах	3
110   1+о#1+о#1+и#1+а#1+ов#1+у#1+ам#1+о#1+и#1+ом#1+ами#1+е#1+ах	3
111   1+о#1+о#1+а#1+а#1#1+у#1+ам#1+о#1#1+ом#1+ами#1+е#1+ах	3
112   1+о#1+о#-#1+а#-#1+у#-#1+о#-#1+ом#-#1+е#-	3
113   1+й+2+а#1+й+2+а#1+й+2+и#1+й+2+и#1+е+2#1+й+2+е#1+й+2+ам#1+й+2+у#1+е+2#1+й+2+ою#1+й+2+ами#1+й+2+е#1+й+2+ах	3
114   1+й+2+а#1+й+2+а#1+й+2+и#1+й+2+и#1+е+2#1+й+2+е#1+й+2+ам#1+й+2+у#1+е+2#1+й+2+ой#1+й+2+ами#1+й+2+е#1+й+2+ах	3
115   1+и#-#1+и#-#1+ов#-#1+ам#-#1+и#-#1+ами#-#1+ах	3
116   1+и#-#1+и#-#1+ей#-#1+ям#-#1+и#-#1+ями#-#1+ях	3
117   1+ей#1+ей#1+ьи#1+ья#1+ьёв#1+ью#1+ьям#1+ья#1+ьёв#1+ьём#1+ьями#1+ье#1+ьях	3
118   1+е+2+ь#1+е+2+ь#1+2+и#1+2+я#1+2+ей#1+2+ю#1+2+ям#1+е+2+ь#1+2+и#1+2+ём#1+2+ями#1+2+е#1+2+ях	3
119   1+е#1+е#1+я#1+я#1+ев#1+ю#1+ям#1+е#1+я#1+ем#1+ями#1+и#1+ях	3
120   1+а#1+а#1+и#1+и#1#1+е#1+ам#1+у#1#1+ею#1+ами#1+е#1+ах	3
121   1+а#1+а#1+и#1+и#1#1+е#1+ам#1+у#1#1+ей#1+ами#1+е#1+ах	3
122   1+2+и#-#1+2+и#-#1+е+2#-#1+2+ам#-#1+2+и#-#1+2+ами#-#1+2+ах	3
123   1+2+а#1+2+а#1+у+2+ы#1+у+2+а#1+у+2+ов#1+у+2+у#1+у+2+ам#1+2+а#1+у+2+ы#1+у+2+ом#1+у+2+ами#1+у+2+е#1+у+2+ах	3
124   1#1#1+ы#1+а#1+ев#1+у#1+ам#1#1+ы#1+ем#1+ами#1+е#1+ах	3
125   1#1#1+ы#1+а#1#1+у#1+ам#1+а#1#1+ом#1+ами#1+е#1+ах	3
126   1+ё+2#1+ё+2#1+2+ы#1+2+а#1+2+ов#1+2+у#1+2+ам#1+2+а#1+2+ов#1+2+ом#1+2+ами#1+2+е#1+2+ах	2
127   1+я#1+я#1+и#1+и#1+й#1+е#1+ям#1+ю#1+и#1+ёю#1+ями#1+е#1+ях	2
128   1+я#1+я#1+и#1+и#1+й#1+е#1+ям#1+ю#1+и#1+ёй#1+ями#1+е#1+ях	2
129   1+ья#1+ья#1+ьи#1+ьи#1+ей#1+ье#1+ьям#1+ью#1+ей#1+ьёю#1+ьями#1+ье#1+ьях	2
130   1+ья#1+ья#1+ьи#1+ьи#1+ей#1+ье#1+ьям#1+ью#1+ей#1+ьёй#1+ьями#1+ье#1+ьях	2
131   1+ь+2+я#1+ь+2+я#1+ь+2+и#1+ь+2+и#1+е+2#1+ь+2+е#1+ь+2+ям#1+ь+2+ю#1+ь+2+и#1+ь+2+ею#1+ь+2+ями#1+ь+2+е#1+ь+2+ях	2
132   1+ь+2+я#1+ь+2+я#1+ь+2+и#1+ь+2+и#1+е+2#1+ь+2+е#1+ь+2+ям#1+ь+2+ю#1+ь+2+и#1+ь+2+ей#1+ь+2+ями#1+ь+2+е#1+ь+2+ях	2
133   1+ь+2+и#-#1+ь+2+и#-#1+е+2#-#1+ь+2+ам#-#1+ь+2+и#-#1+ь+2+ами#-#1+ь+2+ах	2
134   1+ь+2+а#1+ь+2+а#1+ь+2+и#1+ь+2+и#1+е+2#1+ь+2+е#1+ь+2+ам#1+ь+2+у#1+ь+2+и#1+ь+2+ою#1+ь+2+ами#1+ь+2+е#1+ь+2+ах	2
135   1+ь+2+а#1+ь+2+а#1+ь+2+и#1+ь+2+и#1+е+2#1+ь+2+е#1+ь+2+ам#1+ь+2+у#1+ь+2+и#1+ь+2+ой#1+ь+2+ами#1+ь+2+е#1+ь+2+ах	2
136   1+ь+2+а#1+ь+2+а#1+ь+2+и#1+ь+2+и#1+е+2#1+ь+2+е#1+ь+2+ам#1+ь+2+у#1+е+2#1+ь+2+ою#1+ь+2+ами#1+ь+2+е#1+ь+2+ах	2
137   1+ь+2+а#1+ь+2+а#1+ь+2+и#1+ь+2+и#1+е+2#1+ь+2+е#1+ь+2+ам#1+ь+2+у#1+е+2#1+ь+2+ой#1+ь+2+ами#1+ь+2+е#1+ь+2+ах	2
138   1+ь#1+ь#1+и#1+и#1+ей#1+и#1+ям#1+ь#1+ей#1+ью#1+ьми#1+и#1+ях	2
139   1+ь#1+ь#1+и#1+и#1+ей#1+и#1+ам#1+ь#1+ей#1+ью#1+ами#1+и#1+ах	2
140   1+ь#1+ь#1+ери#1+ери#1+ерей#1+ери#1+ерям#1+ь#1+ерей#1+ерью#1+ерями#1+ери#1+ерях	2
141   1+ое#1+ое#1+ие#1+ого#1+их#1+ому#1+им#1+ое#1+ие#1+им#1+ими#1+ом#1+их	2
142   1+о+2+ь#1+о+2+ь#1+2+и#1+2+и#1+2+ей#1+2+и#1+2+ям#1+о+2+ь#1+2+и#1+о+2+ью#1+2+ями#1+2+и#1+2+ях	2
143   1+о+2+ь#1+о+2+ь#1+2+и#1+2+и#1+2+ей#1+2+и#1+2+ам#1+о+2+ь#1+2+и#1+о+2+ью#1+2+ами#1+2+и#1+2+ах	2
144   1+о#1+о#1+еса#1+а#1+ес#1+у#1+есам#1+о#1+еса#1+ом#1+есами#1+е#1+есах	2
145   1+и#-#1+и#-#1+ей#-#1+ам#-#1+и#-#1+ами#-#1+ах	2
146   1+и#-#1+и#-#1#-#1+ам#-#1+и#-#1+ами#-#1+ах	2
147   1+е+2+ь#1+е+2+ь#1+2+и#1+2+я#1+2+ей#1+2+ю#1+2+ям#1+2+я#1+2+ей#1+2+ем#1+2+ями#1+2+е#1+2+ях	2
148   1+е+2+а#1+е+2+а#1+ё+2+ы#1+е+2+ы#1+ё+2#1+е+2+е#1+ё+2+ам#1+е+2+у#1+ё+2+ы#1+е+2+ою#1+ё+2+ами#1+е+2+е#1+ё+2+ах	2
149   1+е+2+а#1+е+2+а#1+ё+2+ы#1+е+2+ы#1+ё+2#1+е+2+е#1+ё+2+ам#1+е+2+у#1+ё+2+ы#1+е+2+ой#1+ё+2+ами#1+е+2+е#1+ё+2+ах	2
150   1+е+2+а#1+е+2+а#1+ё+2+ы#1+е+2+ы#1+ё+2#1+е+2+е#1+ё+2+ам#1+е+2+у#1+ё+2#1+е+2+ою#1+ё+2+ами#1+е+2+е#1+ё+2+ах	2
151   1+е+2+а#1+е+2+а#1+ё+2+ы#1+е+2+ы#1+ё+2#1+е+2+е#1+ё+2+ам#1+е+2+у#1+ё+2#1+е+2+ой#1+ё+2+ами#1+е+2+е#1+ё+2+ах	2
152   1+е+2+а#1+е+2+а#1+е+2+ы#1+е+2+ы#1+ё+2#1+е+2+е#1+е+2+ам#1+е+2+у#1+е+2+ы#1+е+2+ою#1+е+2+ами#1+е+2+е#1+е+2+ах	2
153   1+е+2+а#1+е+2+а#1+е+2+ы#1+е+2+ы#1+ё+2#1+е+2+е#1+е+2+ам#1+е+2+у#1+е+2+ы#1+е+2+ой#1+е+2+ами#1+е+2+е#1+е+2+ах	2
154   1+е+2+3+а#1+е+2+3+а#1+ё+2+3+ы#1+е+2+3+ы#1+ё+2+е+3#1+е+2+3+е#1+ё+2+3+ам#1+е+2+3+у#1+ё+2+3+ы#1+е+2+3+ою#1+ё+2+3+ами#1+е+2+3+е#1+ё+2+3+ах	2
155   1+е+2+3+а#1+е+2+3+а#1+ё+2+3+ы#1+е+2+3+ы#1+ё+2+е+3#1+е+2+3+е#1+ё+2+3+ам#1+е+2+3+у#1+ё+2+3+ы#1+е+2+3+ой#1+ё+2+3+ами#1+е+2+3+е#1+ё+2+3+ах	2
156   1+е+2+3+а#1+е+2+3+а#1+ё+2+3+ы#1+е+2+3+ы#1+е+2+ё+3#1+е+2+3+е#1+ё+2+3+ам#1+е+2+3+у#1+е+2+ё+3#1+е+2+3+ою#1+ё+2+3+ами#1+е+2+3+е#1+ё+2+3+ах	2
157   1+е+2+3+а#1+е+2+3+а#1+ё+2+3+ы#1+е+2+3+ы#1+е+2+ё+3#1+е+2+3+е#1+ё+2+3+ам#1+е+2+3+у#1+е+2+ё+3#1+е+2+3+ой#1+ё+2+3+ами#1+е+2+3+е#1+ё+2+3+ах	2
158   1+е#1+е#1+я#1+я#1+ей#1+ю#1+ям#1+е#1+я#1+ем#1+ями#1+е#1+ях	2
159   1+ая#1+ая#1+ые#1+ой#1+ых#1+ой#1+ым#1+ую#1+ых#1+ою#1+ыми#1+ой#1+ых	2
160   1+ая#1+ая#1+ые#1+ой#1+ых#1+ой#1+ым#1+ую#1+ых#1+ой#1+ыми#1+ой#1+ых	2
161   1+а#1+а#1+и#1+и#1+ей#1+е#1+ам#1+у#1+и#1+ою#1+ами#1+е#1+ах	2
162   1+а#1+а#1+и#1+и#1+ей#1+е#1+ам#1+у#1+и#1+ой#1+ами#1+е#1+ах	2
163   1+а#1+а#1+и#1+и#1+ей#1+е#1+ам#1+у#1+ей#1+ею#1+ами#1+е#1+ах	2
164   1+а#1+а#1+и#1+и#1+ей#1+е#1+ам#1+у#1+ей#1+ей#1+ами#1+е#1+ах	2
165   1+2+я#1+2+я#1+2+и#1+2+и#1+е+2+ь#1+2+е#1+2+ям#1+2+ю#1+2+и#1+2+ёю#1+2+ями#1+2+е#1+2+ях	2
166   1+2+я#1+2+я#1+2+и#1+2+и#1+е+2+ь#1+2+е#1+2+ям#1+2+ю#1+2+и#1+2+ёй#1+2+ями#1+2+е#1+2+ях	2
167   1+2+и#-#1+2+и#-#1+е+2#-#1+2+ам#-#1+е+2#-#1+2+ами#-#1+2+ах	2
168   1+2+е#1+2+е#1+2+а#1+2+а#1+е+2#1+2+у#1+2+ам#1+2+е#1+2+а#1+2+ем#1+2+ами#1+2+е#1+2+ах	2
169   1+2+а#1+2+а#1+2+ы#1+2+ы#1+о+2#1+2+е#1+2+ам#1+2+у#1+о+2#1+2+ою#1+2+ами#1+2+е#1+2+ах	2
170   1+2+а#1+2+а#1+2+ы#1+2+ы#1+о+2#1+2+е#1+2+ам#1+2+у#1+о+2#1+2+ой#1+2+ами#1+2+е#1+2+ах	2
171   1#1#1+ья#1+а#1+ьев#1+у#1+ьям#1+а#1+ьев#1+ом#1+ьями#1+е#1+ьях	2
172   1#1#1+ы#1+а#1+ев#1+у#1+ам#1+а#1+ев#1+ем#1+ами#1+е#1+ах	2
173   1#1#1+и#1+а#1+ей#1+у#1+ам#1+а#1+ей#1+ем#1+ами#1+е#1+ах	2
174   ёж#ёж#ежи#ежа#ежей#ежу#ежам#ежа#ежей#ежом#ежами#еже#ежах	1
175   человек#человек#люди#человека#людей#человеку#людям#человека#людей#человеком#людьми#человеке#людях	1
176   ребёночек#ребёночек#детки#ребёночка#деток#ребёночку#деткам#ребёночка#деток#ребёночком#детками#ребёночке#детках	1
177   ребёнок#ребёнок#дети#ребёнка#детей#ребёнку#детям#ребёнка#детей#ребёнком#детьми#ребёнке#детях	1
178   год#год#года#года#лет#году#годам#год#годы#годом#годами#годе#годах	1
179   1+ё+2#1+ё+2#1+ь+2+ы#1+ь+2+а#1+ь+2+ов#1+ь+2+у#1+ь+2+ам#1+ё+2#1+ь+2+ы#1+ь+2+ом#1+ь+2+ами#1+ь+2+е#1+ь+2+ах	1
180   1+ё+2#1+ё+2#1+ь+2+и#1+ь+2+а#1+ь+2+ов#1+ь+2+у#1+ь+2+ам#1+ь+2+а#1+ь+2+ов#1+ь+2+ом#1+ь+2+ами#1+ь+2+е#1+ь+2+ах	1
181   1+ё+2#1+ё+2#1+й+2+ы#1+й+2+а#1+й+2+ов#1+й+2+у#1+йма+2#1+ё+2#1+й+2+ы#1+ймо+2#1+йма+2+и#1+й+2+е#1+й+2+ах	1
182   1+ё+2#1+ё+2#1+й+2+ы#1+й+2+а#1+й+2+ов#1+й+2+у#1+йма+2#1+ё+2#1+й+2+ы#1+ймо+2#1+й+2+ами#1+й+2+е#1+й+2+ах	1
183   1+ё+2#1+ё+2#1+й+2+ы#1+й+2+а#1+й+2+ов#1+й+2+у#1+йма+2#1+ё+2#1+й+2+ы#1+й+2+ом#1+йма+2+и#1+й+2+е#1+й+2+ах	1
184   1+ё+2#1+ё+2#1+й+2+ы#1+й+2+а#1+й+2+ов#1+й+2+у#1+йма+2#1+ё+2#1+й+2+ы#1+й+2+ом#1+й+2+ами#1+й+2+е#1+й+2+ах	1
185   1+ё+2#1+ё+2#1+й+2+ы#1+й+2+а#1+й+2+ов#1+й+2+у#1+й+2+ам#1+ё+2#1+й+2+ы#1+ймо+2#1+йма+2+и#1+й+2+е#1+й+2+ах	1
186   1+ё+2#1+ё+2#1+й+2+ы#1+й+2+а#1+й+2+ов#1+й+2+у#1+й+2+ам#1+ё+2#1+й+2+ы#1+ймо+2#1+й+2+ами#1+й+2+е#1+й+2+ах	1
187   1+ё+2#1+ё+2#1+й+2+ы#1+й+2+а#1+й+2+ов#1+й+2+у#1+й+2+ам#1+ё+2#1+й+2+ы#1+й+2+ом#1+йма+2+и#1+й+2+е#1+й+2+ах	1
188   1+ё+2#1+ё+2#1+й+2+ы#1+й+2+а#1+й+2+ов#1+й+2+у#1+й+2+ам#1+ё+2#1+й+2+ы#1+й+2+ом#1+й+2+ами#1+й+2+е#1+й+2+ах	1
189   1+ё+2#1+ё+2#1+й+2+и#1+й+2+а#1+й+2+ов#1+й+2+у#1+й+2+ам#1+ё+2#1+й+2+и#1+й+2+ом#1+й+2+ами#1+й+2+е#1+й+2+ах	1
190   1+ё+2#1+ё+2#1+е+2+ы#1+е+2+а#1+е+2+ов#1+е+2+у#1+е+2+ам#1+ё+2#1+е+2+ы#1+е+2+ом#1+е+2+ами#1+е+2+е#1+е+2+ах	1
191   1+ё+2#1+ё+2#1+е+2+и#1+ё+2+а#1+е+2+ей#1+ё+2+у#1+е+2+ям#1+ё+2+а#1+е+2+ей#1+ё+2+ом#1+е+2+ями#1+ё+2+е#1+е+2+ях	1
192   1+ё+2#1+ё+2#1+е+2+а#1+ё+2+а#1+е+2+ов#1+ё+2+у#1+е+2+ам#1+ё+2#1+е+2+а#1+ё+2+ом#1+е+2+ами#1+ё+2+е#1+е+2+ах	1
193   1+ё#1+ё#1+я#1+я#1+ёв#1+ю#1+ям#1+ё#1+я#1+ём#1+ями#1+е#1+ях	1
194   1+я+2#1+я+2#1+й+2+ы#1+й+2+а#1+й+2+ев#1+й+2+у#1+й+2+ам#1+й+2+а#1+й+2+ев#1+й+2+ем#1+й+2+ами#1+й+2+е#1+й+2+ах	1
195   1+я#1+я#1+ёна#1+ени#1+ён#1+ени#1+ёнам#1+я#1+ёна#1+енем#1+ёнами#1+ени#1+ёнах	1
196   1+я#1+я#1+и#1+и#1+я#1+е#1+ям#1+ю#1+я#1+ею#1+ями#1+е#1+ях	1
197   1+я#1+я#1+и#1+и#1+я#1+е#1+ям#1+ю#1+я#1+ей#1+ями#1+е#1+ях	1
198   1+я#1+я#1+и#1+и#1+ь#1+е#1+ям#1+ю#1+и#1+ёю#1+ями#1+е#1+ях	1
199   1+я#1+я#1+и#1+и#1+ь#1+е#1+ям#1+ю#1+и#1+ёй#1+ями#1+е#1+ях	1
200   1+я#1+я#1+и#1+и#1+й#1+е#1+ям#1+ю#1+й#1+ёю#1+ями#1+е#1+ях	1
201   1+я#1+я#1+и#1+и#1+й#1+е#1+ям#1+ю#1+й#1+ёй#1+ями#1+е#1+ях	1
202   1+я#1+я#1+и#1+и#1+ей#1+е#1+ям#1+ю#1+и#1+ею#1+ями#1+е#1+ях	1
203   1+я#1+я#1+и#1+и#1+ей#1+е#1+ям#1+ю#1+и#1+ей#1+ями#1+е#1+ях	1
204   1+я#1+я#1+и#1+и#1+ей#1+е#1+ям#1+ю#1+ей#1+ею#1+ями#1+е#1+ях	1
205   1+я#1+я#1+и#1+и#1+ей#1+е#1+ям#1+ю#1+ей#1+ей#1+ями#1+е#1+ях	1
206   1+я#1+я#1+и#1+и#-#1+е#1+ям#1+ю#-#1+ею#1+ями#1+е#1+ях	1
207   1+я#1+я#1+и#1+и#-#1+е#1+ям#1+ю#-#1+ей#1+ями#1+е#1+ях	1
208   1+я#1+я#1+ена#1+ени#1+ян#1+ени#1+енам#1+я#1+ена#1+енем#1+енами#1+ени#1+енах	1
209   1+ьё#1+ьё#1+ья#1+ья#1+ий#1+ью#1+ьям#1+ьё#1+ья#1+ьём#1+ьями#1+ье#1+ьях	1
210   1+ья#1+ья#1+ьи#1+ьи#1+ий#1+ье#1+ьям#1+ью#1+ий#1+ьею#1+ьями#1+ье#1+ьях	1
211   1+ья#1+ья#1+ьи#1+ьи#1+ий#1+ье#1+ьям#1+ью#1+ий#1+ьей#1+ьями#1+ье#1+ьях	1
212   1+ь+2+о#1+ь+2+о#1+ь+2+а#1+ь+2+а#1+е+2#1+ь+2+у#1+ьма+2#1+ь+2+о#1+ь+2+а#1+ьмо+2#1+ьма+2+и#1+ь+2+е#1+ь+2+ах	1
213   1+ь+2+о#1+ь+2+о#1+ь+2+а#1+ь+2+а#1+е+2#1+ь+2+у#1+ьма+2#1+ь+2+о#1+ь+2+а#1+ьмо+2#1+ь+2+ами#1+ь+2+е#1+ь+2+ах	1
214   1+ь+2+о#1+ь+2+о#1+ь+2+а#1+ь+2+а#1+е+2#1+ь+2+у#1+ьма+2#1+ь+2+о#1+ь+2+а#1+ь+2+ом#1+ьма+2+и#1+ь+2+е#1+ь+2+ах	1
215   1+ь+2+о#1+ь+2+о#1+ь+2+а#1+ь+2+а#1+е+2#1+ь+2+у#1+ьма+2#1+ь+2+о#1+ь+2+а#1+ь+2+ом#1+ь+2+ами#1+ь+2+е#1+ь+2+ах	1
216   1+ь+2+о#1+ь+2+о#1+ь+2+а#1+ь+2+а#1+е+2#1+ь+2+у#1+ь+2+ам#1+ь+2+о#1+ь+2+а#1+ьмо+2#1+ьма+2+и#1+ь+2+е#1+ь+2+ах	1
217   1+ь+2+о#1+ь+2+о#1+ь+2+а#1+ь+2+а#1+е+2#1+ь+2+у#1+ь+2+ам#1+ь+2+о#1+ь+2+а#1+ьмо+2#1+ь+2+ами#1+ь+2+е#1+ь+2+ах	1
218   1+ь+2+о#1+ь+2+о#1+ь+2+а#1+ь+2+а#1+е+2#1+ь+2+у#1+ь+2+ам#1+ь+2+о#1+ь+2+а#1+ь+2+ом#1+ьма+2+и#1+ь+2+е#1+ь+2+ах	1
219   1+ь+2+а#1+ь+2+а#1+ь+2+ы#1+ь+2+ы#1+е+2#1+ь+2+е#1+ьма+2#1+ь+2+у#1+ь+2+ы#1+ь+2+ою#1+ьма+2+и#1+ь+2+е#1+ь+2+ах	1
220   1+ь+2+а#1+ь+2+а#1+ь+2+ы#1+ь+2+ы#1+е+2#1+ь+2+е#1+ьма+2#1+ь+2+у#1+ь+2+ы#1+ь+2+ою#1+ь+2+ами#1+ь+2+е#1+ь+2+ах	1
221   1+ь+2+а#1+ь+2+а#1+ь+2+ы#1+ь+2+ы#1+е+2#1+ь+2+е#1+ьма+2#1+ь+2+у#1+ь+2+ы#1+ь+2+ой#1+ьма+2+и#1+ь+2+е#1+ь+2+ах	1
222   1+ь+2+а#1+ь+2+а#1+ь+2+ы#1+ь+2+ы#1+е+2#1+ь+2+е#1+ьма+2#1+ь+2+у#1+ь+2+ы#1+ь+2+ой#1+ь+2+ами#1+ь+2+е#1+ь+2+ах	1
223   1+ь+2+а#1+ь+2+а#1+ь+2+ы#1+ь+2+ы#1+е+2#1+ь+2+е#1+ь+2+ам#1+ь+2+у#1+ь+2+ы#1+ь+2+ою#1+ьма+2+и#1+ь+2+е#1+ь+2+ах	1
224   1+ь+2+а#1+ь+2+а#1+ь+2+ы#1+ь+2+ы#1+е+2#1+ь+2+е#1+ь+2+ам#1+ь+2+у#1+ь+2+ы#1+ь+2+ой#1+ьма+2+и#1+ь+2+е#1+ь+2+ах	1
225   1+ь#1+ь#1+я#1+я#1+ей#1+ю#1+ям#1+я#1+ей#1+ем#1+ями#1+е#1+ях	1
226   1+ь#1+ь#1+ья#1+я#1+ьёв#1+ю#1+ьям#1+я#1+ьёв#1+ем#1+ьями#1+е#1+ьях	1
227   1+ь#1+ь#1+ья#1+я#1+ей#1+ю#1+ьям#1+я#1+ей#1+ем#1+ьями#1+е#1+ьях	1
228   1+ь#1+ь#1+и#1+и#1+ей#1+и#1+ям#1+ь#1+и#1+ём#1+ями#1+и#1+ях	1
229   1+ь#1+ь#1+и#1+и#1+ей#1+и#1+ям#1+ь#1+и#1+ью#1+ьми#1+и#1+ях	1
230   1+ь#1+ь#1+ери#1+ери#1+ерей#1+ери#1+ерям#1+ь#1+ерей#1+ерью#1+ерьми#1+ери#1+ерях	1
231   1+ь#1+ь#-#1+я#-#1+ю#-#1+ь#-#1+ем#-#1+е#-	1
232   1+ь#1+ь#-#1+а#-#1+у#-#1+а#-#1+ом#-#1+е#-	1
233   1+хо#1+хо#1+ши#1+ха#1+шей#1+ху#1+шам#1+хо#1+ши#1+хом#1+шами#1+хе#1+шах	1
234   1+онок#1+онок#1+ата#1+онка#1+ат#1+онку#1+атам#1+онка#1+ат#1+онком#1+атами#1+онке#1+атах	1
235   1+ок#1+ок#1+ята#1+ка#1+ят#1+ку#1+ятам#1+ка#1+ят#1+ком#1+ятами#1+ке#1+ятах	1
236   1+о+2+ь#1+о+2+ь#1+2+и#1+2+я#1+2+ей#1+2+ю#1+2+ям#1+о+2+ь#1+2+и#1+2+ём#1+2+ями#1+2+е#1+2+ях	1
237   1+о+2+ь#1+о+2+ь#1+2+и#1+2+я#1+2+ей#1+2+ю#1+2+ям#1+2+я#1+2+ей#1+2+ем#1+2+ями#1+2+е#1+2+ях	1
238   1+о+2#1+о+2#1+2+ы#1+2+а#1+2+ов#1+2+у#1+2+ам#1+2+а#1+2+ов#1+2+ом#1+2+ами#1+2+е#1+2+ах	1
239   1+о+2#1+о+2#1+2+и#1+2+а#1+о+2#1+2+у#1+2+ам#1+2+а#1+о+2#1+2+ом#1+2+ами#1+2+е#1+2+ах	1
240   1+о#1+о#1+и#1+а#1+ей#1+у#1+ям#1+о#1+и#1+ом#1+ями#1+е#1+ях	1
241   1+о#1+о#1+а#1+а#1+ов#1+у#1+ам#1+о#1+а#1+ом#1+ами#1+е#1+ах	1
242   1+но#1+но#1+а#1+на#1+ов#1+ну#1+ам#1+но#1+а#1+ном#1+ами#1+не#1+ах	1
243   1+ко#1+ко#1+чи#1+ка#1+чей#1+ку#1+чам#1+ко#1+чи#1+ком#1+чами#1+ке#1+чах	1
244   1+к#1+к#1+чья#1+ка#1+чьев#1+ку#1+чьям#1+к#1+чья#1+ком#1+чьями#1+ке#1+чьях	1
245   1+й+2+о#1+й+2+о#1+й+2+а#1+й+2+а#1+и+2#1+й+2+у#1+й+2+ам#1+й+2+о#1+й+2+а#1+й+2+ом#1+й+2+ами#1+й+2+е#1+й+2+ах	1
246   1+й+2+а#1+й+2+а#1+й+2+и#1+й+2+и#1+ё+2#1+й+2+е#1+й+2+ам#1+й+2+у#1+й+2+и#1+й+2+ою#1+й+2+ами#1+й+2+е#1+й+2+ах	1
247   1+й+2+а#1+й+2+а#1+й+2+и#1+й+2+и#1+ё+2#1+й+2+е#1+й+2+ам#1+й+2+у#1+й+2+и#1+й+2+ой#1+й+2+ами#1+й+2+е#1+й+2+ах	1
248   1+й#1+й#1+я#1+я#1+ёв#1+ю#1+ям#1+й#1+я#1+ем#1+ями#1+е#1+ях	1
249   1+й#1+й#1+и#1+я#1+ёв#1+ю#1+ям#1+й#1+и#1+ём#1+ями#1+е#1+ях	1
250   1+й#1+й#1+и#1+я#1+ев#1+ю#1+ям#1+я#1+ев#1+ем#1+ями#1+и#1+ях	1
251   1+ица#1+ица#1+ы#1+ицы#1#1+ице#1+ам#1+ицу#1#1+ицей#1+ами#1+ице#1+ах	1
252   1+ин#1+ин#1+ы#1+ина#1#1+ину#1+ам#1+ина#1#1+ином#1+ами#1+ине#1+ах	1
253   1+ин#1+ин#1+ева#1+ина#1+ев#1+ину#1+евам#1+ина#1+ев#1+ином#1+евами#1+ине#1+евах	1
254   1+ин#1+ин#1+а#1+ина#1#1+ину#1+ам#1+ина#1#1+ином#1+ами#1+ине#1+ах	1
255   1+ий#1+ий#1+ие#1+ого#1+их#1+ому#1+им#1+ого#1+их#1+им#1+ими#1+ом#1+их	1
256   1+и+2+я#1+и+2+я#1+е+2+и#1+итя+2+и#1+е+2+ей#1+итя+2+и#1+е+2+ям#1+и+2+я#1+е+2+ей#1+итя+2+ею#1+е+2+ьми#1+итя+2+и#1+е+2+ях	1
257   1+и+2+я#1+и+2+я#1+е+2+и#1+итя+2+и#1+е+2+ей#1+итя+2+и#1+е+2+ям#1+и+2+я#1+е+2+ей#1+итя+2+ей#1+е+2+ьми#1+итя+2+и#1+е+2+ях	1
258   1+и+2+я#1+и+2+я#1+е+2+и#1+итя+2+и#1+е+2+ей#1+итя+2+и#1+е+2+ям#1+и+2+я#1+е+2+ей#1+и+2+ятею#1+е+2+ьми#1+итя+2+и#1+е+2+ях	1
259   1+и+2+я#1+и+2+я#1+е+2+и#1+итя+2+и#1+е+2+ей#1+итя+2+и#1+е+2+ям#1+и+2+я#1+е+2+ей#1+и+2+ятей#1+е+2+ьми#1+итя+2+и#1+е+2+ях	1
260   1+и+2+я#1+и+2+я#1+е+2+и#1+и+2+яти#1+е+2+ей#1+и+2+яти#1+е+2+ям#1+и+2+я#1+е+2+ей#1+итя+2+ею#1+е+2+ьми#1+и+2+яти#1+е+2+ях	1
261   1+и+2+я#1+и+2+я#1+е+2+и#1+и+2+яти#1+е+2+ей#1+и+2+яти#1+е+2+ям#1+и+2+я#1+е+2+ей#1+итя+2+ей#1+е+2+ьми#1+и+2+яти#1+е+2+ях	1
262   1+и+2+я#1+и+2+я#1+е+2+и#1+и+2+яти#1+е+2+ей#1+и+2+яти#1+е+2+ям#1+и+2+я#1+е+2+ей#1+и+2+ятею#1+е+2+ьми#1+и+2+яти#1+е+2+ях	1
263   1+и+2+я#1+и+2+я#1+е+2+и#1+и+2+яти#1+е+2+ей#1+и+2+яти#1+е+2+ям#1+и+2+я#1+е+2+ей#1+и+2+ятей#1+е+2+ьми#1+и+2+яти#1+е+2+ях	1
264   1+и#-#1+и#-#1+ев#-#1+ям#-#1+и#-#1+ями#-#1+ях	1
265   1+ей#1+ей#1+ьи#1+ья#1+ьёв#1+ью#1+ьям#1+ей#1+ьи#1+ьём#1+ьями#1+ье#1+ьях	1
266   1+е+2+а#1+е+2+а#1+ё+2+ы#1+е+2+ы#1+ё+2#1+е+2+е#1+е+2+ам#1+е+2+у#1+ё+2+ы#1+е+2+ою#1+е+2+ами#1+е+2+е#1+е+2+ах	1
267   1+е+2+а#1+е+2+а#1+ё+2+ы#1+е+2+ы#1+ё+2#1+е+2+е#1+е+2+ам#1+е+2+у#1+ё+2+ы#1+е+2+ой#1+е+2+ами#1+е+2+е#1+е+2+ах	1
268   1+е+2+а#1+е+2+а#1+ё+2+и#1+е+2+и#1+ё+2#1+е+2+е#1+е+2+ам#1+ё+2+у#1+ё+2+и#1+е+2+ою#1+е+2+ами#1+е+2+е#1+е+2+ах	1
269   1+е+2+а#1+е+2+а#1+ё+2+и#1+е+2+и#1+ё+2#1+е+2+е#1+е+2+ам#1+ё+2+у#1+ё+2+и#1+е+2+ой#1+е+2+ами#1+е+2+е#1+е+2+ах	1
270   1+е+2+3+о#1+е+2+3+о#1+ё+2+3+а#1+е+2+3+а#1+ё+2+о+3#1+е+2+3+у#1+ё+2+3+ам#1+е+2+3+о#1+ё+2+3+а#1+е+2+3+ом#1+ё+2+3+ами#1+е+2+3+е#1+ё+2+3+ах	1
271   1+е+2#1+е+2#1+ь+2+ы#1+ь+2+а#1+ьво+2#1+ь+2+у#1+ь+2+ам#1+ь+2+а#1+ьво+2#1+ь+2+ом#1+ь+2+ами#1+ь+2+е#1+ь+2+ах	1
272   1+е+2#1+е+2#1+ь+2+ы#1+ь+2+а#1+ь+2+ов#1+ь+2+у#1+ь+2+ам#1+ь+2+а#1+ь+2+ов#1+ь+2+ом#1+ь+2+ами#1+ь+2+е#1+ь+2+ах	1
273   1+е+2#1+е+2#1+ь+2+ы#1+ь+2+а#1+ь+2+ов#1+ь+2+у#1+ь+2+ам#1+е+2#1+ь+2+ы#1+ь+2+ом#1+ь+2+ами#1+ь+2+е#1+ь+2+ах	1
274   1+е+2#1+е+2#1+ь+2+ы#1+ь+2+а#1+ь+2+ев#1+ь+2+у#1+ь+2+ам#1+е+2#1+ь+2+ы#1+ь+2+ем#1+ь+2+ами#1+ь+2+е#1+ь+2+ах	1
275   1+е+2#1+е+2#1+й+2+ы#1+й+2+а#1+й+2+ов#1+й+2+у#1+й+2+ам#1+й+2+а#1+й+2+ов#1+й+2+ом#1+й+2+ами#1+й+2+е#1+й+2+ах	1
276   1+е+2#1+е+2#1+2+и#1+2+а#1+2+ов#1+2+у#1+2+ам#1+2+а#1+2+ов#1+2+ом#1+2+ами#1+2+е#1+2+ах	1
277   1+е#1+е#1+я#1+я#1+ь#1+ю#1+ям#1+е#1+я#1+ем#1+ями#1+е#1+ях	1
278   1+е#1+е#1+я#1+я#1+ев#1+ю#1+ям#1+е#1+я#1+ем#1+ями#1+е#1+ях	1
279   1+е#1+е#1+а#1+а#1#1+у#1+ам#1+е#1#1+ем#1+ами#1+е#1+ах	1
280   1+е#-#1+е#-#1+х#-#1+м#-#1+е#-#1+ми#-#1+х	1
281   1+г#1+г#1+зья#1+га#1+зей#1+гу#1+зьям#1+га#1+зей#1+гом#1+зьями#1+ге#1+зьях	1
282   1+ая#1+ая#1+ие#1+ой#1+их#1+ой#1+им#1+ую#1+ие#1+ою#1+их#1+ой#1+ими	1
283   1+ая#1+ая#1+ие#1+ой#1+их#1+ой#1+им#1+ую#1+ие#1+ою#1+ими#1+ой#1+их	1
284   1+ая#1+ая#1+ие#1+ой#1+их#1+ой#1+им#1+ую#1+ие#1+ой#1+их#1+ой#1+ими	1
285   1+ая#1+ая#1+ие#1+ой#1+их#1+ой#1+им#1+ую#1+ие#1+ой#1+ими#1+ой#1+их	1
286   1+ая#1+ая#1+ие#1+ей#1+их#1+ей#1+им#1+ую#1+ие#1+ею#1+ими#1+ей#1+их	1
287   1+ая#1+ая#1+ие#1+ей#1+их#1+ей#1+им#1+ую#1+ие#1+ей#1+ими#1+ей#1+их	1
288   1+а+2+я#1+а+2+я#1+о+2+и#1+а+2+и#1+о+2+ь#1+а+2+е#1+о+2+ям#1+а+2+ю#1+о+2+и#1+а+2+ёю#1+о+2+ями#1+а+2+е#1+о+2+ях	1
289   1+а+2+я#1+а+2+я#1+о+2+и#1+а+2+и#1+о+2+ь#1+а+2+е#1+о+2+ям#1+а+2+ю#1+о+2+и#1+а+2+ёй#1+о+2+ями#1+а+2+е#1+о+2+ях	1
290   1+а#1+а#1+ы#1+ы#-#1+е#1+ам#1+у#1+ы#1+ою#1+ами#1+е#1+ах	1
291   1+а#1+а#1+ы#1+ы#-#1+е#1+ам#1+у#1+ы#1+ой#1+ами#1+е#1+ах	1
292   1+а#1+а#1+и#1+и#1#1+е#1+ам#1+у#1+и#1+ью#1+ами#1+е#1+ах	1
293   1+а#1+а#-#1+ы#-#1+е#-#1+у#-#1+ою#-#1+е#-	1
294   1+а#1+а#-#1+ы#-#1+е#-#1+у#-#1+ой#-#1+е#-	1
295   1+а#-#1+а#-#1#-#1+ам#-#1#-#1+ами#-#1+ах	1
296   1+2+я#1+2+я#1+2+и#1+2+и#1+о+2+ь#1+2+е#1+2+ям#1+2+ю#1+2+и#1+2+ею#1+2+ями#1+2+е#1+2+ях	1
297   1+2+я#1+2+я#1+2+и#1+2+и#1+о+2+ь#1+2+е#1+2+ям#1+2+ю#1+2+и#1+2+ей#1+2+ями#1+2+е#1+2+ях	1
298   1+2+я#1+2+я#1+2+и#1+2+и#1+е+2+ь#1+2+е#1+2+ям#1+2+ю#1+е+2+ь#1+2+ею#1+2+ями#1+2+е#1+2+ях	1
299   1+2+я#1+2+я#1+2+и#1+2+и#1+е+2+ь#1+2+е#1+2+ям#1+2+ю#1+е+2+ь#1+2+ей#1+2+ями#1+2+е#1+2+ях	1
300   1+2+а#1+2+а#1+2+ы#1+2+ы#1+о+2#1+2+е#1+2+ам#1+2+у#1+2+ы#1+2+ою#1+2+ами#1+2+е#1+2+ах	1
301   1+2+а#1+2+а#1+2+ы#1+2+ы#1+о+2#1+2+е#1+2+ам#1+2+у#1+2+ы#1+2+ой#1+2+ами#1+2+е#1+2+ах	1
302   1+2+а#1+2+а#1+2+ы#1+2+ы#1+е+2#1+2+е#1+2+ам#1+2+у#1+е+2#1+2+ою#1+2+ами#1+2+е#1+2+ах	1
303   1+2+а#1+2+а#1+2+ы#1+2+ы#1+е+2#1+2+е#1+2+ам#1+2+у#1+е+2#1+2+ой#1+2+ами#1+2+е#1+2+ах	1
304   1+2+а#1+2+а#1+2+ы#1+2+ы#1+е+2#1+2+е#1+2+ам#1+2+у#1+2+ы#1+2+ою#1+2+ами#1+2+е#1+2+ах	1
305   1+2+а#1+2+а#1+2+ы#1+2+ы#1+е+2#1+2+е#1+2+ам#1+2+у#1+2+ы#1+2+ой#1+2+ами#1+2+е#1+2+ах	1
306   1+2+а#1+2+а#1+2+ы#1+2+ы#1+е+2#1+2+е#1+2+ам#1+2+у#1+2+ы#1+2+ею#1+2+ами#1+2+е#1+2+ах	1
307   1+2+а#1+2+а#1+2+ы#1+2+ы#1+е+2#1+2+е#1+2+ам#1+2+у#1+2+ы#1+2+ей#1+2+ами#1+2+е#1+2+ах	1
308   1#1#1+ья#1+а#1+ей#1+у#1+ьям#1+а#1+ей#1+ем#1+ьями#1+е#1+ьях	1
309   1#1#1+овья#1+а#1+овей#1+у#1+овьям#1+а#1+овей#1+ом#1+овьями#1+е#1+овьях	1
310   1#1#1+и#1+а#1+ей#1+у#1+ям#1+а#1+ей#1+ом#1+ями#1+е#1+ях	1
311   1#1#1+е#1+а#1#1+у#1+ам#1+а#1#1+ом#1+ами#1+е#1+ах	1
312   1#1#1+а#1+а#1+ей#1+у#1+ам#1+а#1+ей#1+ем#1+ами#1+е#1+ах	1
313   1#1#1+а#1+а#1#1+у#1+ам#1#1+а#1+ом#1+ами#1+е#1+ах	1
314   1#1#-#1+а#-#1+у#-#1#-#1+ом#-#1+е#-	1
